2022-05-09 21:40:19,432 [INFO] ++++++++++ starting up ++++++++++
2022-05-09 21:40:19,647 [INFO] JKey.DAILY_INIT: JobQueue before loading control.txt:
	JobQueue, size=3
	1: 2022-05-09 21:40:19.696290, JKey.BUTTONS, None
	2: 2022-05-09 21:40:29.646374, JKey.LOCAL_SENSOR, None
	3: 2022-05-09 21:40:39.646439, JKey.PIUSV, None
2022-05-09 21:40:19,672 [WARNING] ControlFileReader.put_all_new_jobs(): No charging because randy.chargeOn = randy.chargeOff!
2022-05-09 21:40:19,687 [INFO] JKey.DAILY_INIT: JobQueue afterwards:
	JobQueue, size=4
	1: 2022-05-09 21:40:19.696290, JKey.BUTTONS, None
	2: 2022-05-09 21:40:29.646374, JKey.LOCAL_SENSOR, None
	3: 2022-05-09 21:40:39.646439, JKey.PIUSV, None
	4: 2022-05-10 00:00:00.000000, JKey.DAILY_INIT, None
2022-05-09 21:40:33,257 [INFO] JKey.LOCAL_SENSOR
	CPU T=53.2°C
	int T=28.8°C, RH=32.3%
	ext T=18.7°C, RH=43.1%
2022-05-09 22:40:30,727 [INFO] JKey.LOCAL_SENSOR
	CPU T=49.9°C
	int T=28.6°C, RH=32.3%
	ext T=18.7°C, RH=43.1%
2022-05-09 23:40:30,732 [INFO] JKey.LOCAL_SENSOR
	CPU T=48.3°C
	int T=26.8°C, RH=32.7%
	ext T=17.1°C, RH=48.9%
2022-05-10 00:00:00,004 [INFO] JKey.DAILY_INIT: JobQueue before loading control.txt:
	JobQueue, size=3
	1: 2022-05-10 00:00:00.970263, JKey.PIUSV, None
	2: 2022-05-10 00:00:01.700876, JKey.BUTTONS, None
	3: 2022-05-10 00:40:29.660436, JKey.LOCAL_SENSOR, None
2022-05-10 00:00:00,038 [WARNING] ControlFileReader.put_all_new_jobs(): No charging because randy.chargeOn = randy.chargeOff!
2022-05-10 00:00:00,072 [INFO] JKey.DAILY_INIT: JobQueue afterwards:
	JobQueue, size=7
	1: 2022-05-10 00:00:00.970263, JKey.PIUSV, None
	2: 2022-05-10 00:00:01.700876, JKey.BUTTONS, None
	3: 2022-05-10 00:40:29.660436, JKey.LOCAL_SENSOR, None
	4: 2022-05-10 07:30:00.000000, JKey.WEATHER_OWM, None
	5: 2022-05-10 09:00:00.000000, JKey.SWITCH_RANDY, ('mow', True)
	6: 2022-05-10 18:00:00.000000, JKey.SWITCH_RANDY, ('mow', False)
	7: 2022-05-11 00:00:00.000000, JKey.DAILY_INIT, None
2022-05-10 00:40:30,732 [INFO] JKey.LOCAL_SENSOR
	CPU T=47.8°C
	int T=25.6°C, RH=32.9%
	ext T=15.9°C, RH=51.6%
2022-05-10 01:02:41,572 [ERROR] Exception in usv.read_status(). [Errno 5] Input/output error
2022-05-10 01:40:30,736 [INFO] JKey.LOCAL_SENSOR
	CPU T=46.7°C
	int T=24.6°C, RH=32.9%
	ext T=15.0°C, RH=53.5%
2022-05-10 02:40:33,272 [INFO] JKey.LOCAL_SENSOR
	CPU T=46.2°C
	int T=23.1°C, RH=32.8%
	ext T=14.2°C, RH=54.8%
2022-05-10 03:40:30,744 [INFO] JKey.LOCAL_SENSOR
	CPU T=45.1°C
	int T=23.0°C, RH=32.7%
	ext T=13.5°C, RH=55.2%
2022-05-10 04:40:33,277 [INFO] JKey.LOCAL_SENSOR
	CPU T=45.1°C
	int T=21.7°C, RH=32.6%
	ext T=12.9°C, RH=56.4%
2022-05-10 05:40:30,755 [INFO] JKey.LOCAL_SENSOR
	CPU T=45.1°C
	int T=21.6°C, RH=32.6%
	ext T=12.2°C, RH=57.5%
2022-05-10 06:40:33,287 [INFO] JKey.LOCAL_SENSOR
	CPU T=44.0°C
	int T=21.3°C, RH=32.8%
	ext T=11.8°C, RH=57.1%
2022-05-10 07:30:00,047 [INFO] Starting new HTTP connection (1): api.openweathermap.org
2022-05-10 07:30:04,186 [INFO] JKey.WEATHER_OWM succeeded
WeatherForecast +0 days:
2022-05-10
	time = ['08:00:00', '11:00:00', '14:00:00', '17:00:00', '20:00:00', '23:00:00']
	T [°C] = [9.8699999999999992, 12.890000000000001, 17.800000000000001, 21.609999999999999, 17.010000000000002, 13.789999999999999]
	rain [mm/h] = [0, 0, 0, 0, 0, 0]
	snow [mm/h] = [0, 0, 0, 0, 0, 0]
	pressure [hPa] = [1023, 1023, 1021, 1019, 1019, 1020]
	humidity [%] = [92, 79, 58, 42, 66, 78]
	clouds [%] = [0, 3, 17, 100, 98, 68]
	wind [m/s] = [1.45, 1.6899999999999999, 2.0299999999999998, 2.0299999999999998, 1.0700000000000001, 2.23]WeatherForecast +1 days:
2022-05-11
	time = ['02:00:00', '05:00:00', '08:00:00', '11:00:00', '14:00:00', '17:00:00', '20:00:00', '23:00:00']
	T [°C] = [12.449999999999999, 11.460000000000001, 15.109999999999999, 21.460000000000001, 24.039999999999999, 23.829999999999998, 19.100000000000001, 15.68]
	rain [mm/h] = [0, 0, 0, 0, 0, 0, 0, 0]
	snow [mm/h] = [0, 0, 0, 0, 0, 0, 0, 0]
	pressure [hPa] = [1020, 1019, 1020, 1018, 1017, 1016, 1016, 1018]
	humidity [%] = [83, 83, 68, 52, 40, 43, 67, 74]
	clouds [%] = [57, 74, 70, 50, 38, 18, 19, 13]
	wind [m/s] = [2.3599999999999999, 2.4300000000000002, 2.4300000000000002, 2.9700000000000002, 3.3500000000000001, 3.1200000000000001, 1.47, 2.5299999999999998]WeatherForecast +2 days:
2022-05-12
	time = ['02:00:00', '05:00:00', '08:00:00', '11:00:00', '14:00:00', '17:00:00', '20:00:00', '23:00:00']
	T [°C] = [14.369999999999999, 13.59, 17.43, 23.399999999999999, 24.059999999999999, 23.550000000000001, 18.23, 15.119999999999999]
	rain [mm/h] = [0, 0, 0, 0, 0, 0, 0.13, 0.35999999999999999]
	snow [mm/h] = [0, 0, 0, 0, 0, 0, 0, 0]
	pressure [hPa] = [1018, 1017, 1017, 1018, 1017, 1017, 1019, 1021]
	humidity [%] = [78, 77, 65, 44, 47, 51, 78, 89]
	clouds [%] = [12, 18, 42, 47, 28, 61, 46, 95]
	wind [m/s] = [2.52, 2.7200000000000002, 2.8900000000000001, 6.0999999999999996, 6.3200000000000003, 4.9900000000000002, 2.73, 1.8]WeatherForecast +3 days:
2022-05-13
	time = ['02:00:00', '05:00:00', '08:00:00', '11:00:00', '14:00:00', '17:00:00', '20:00:00', '23:00:00']
	T [°C] = [13.300000000000001, 12.619999999999999, 13.970000000000001, 18.920000000000002, 20.16, 20.379999999999999, 16.829999999999998, 13.869999999999999]
	rain [mm/h] = [0.25330000000000003, 0.44, 0.12330000000000001, 0.1033, 0.40999999999999998, 0.29330000000000001, 0.38329999999999997, 0.059999999999999998]
	snow [mm/h] = [0, 0, 0, 0, 0, 0, 0, 0]
	pressure [hPa] = [1022, 1022, 1022, 1021, 1019, 1019, 1019, 1020]
	humidity [%] = [93, 94, 90, 70, 66, 65, 86, 92]
	clouds [%] = [97, 100, 100, 96, 90, 92, 77, 10]
	wind [m/s] = [1.74, 1.51, 0.45000000000000001, 1.29, 1.97, 1.01, 1.8200000000000001, 1.4399999999999999]
2022-05-10 07:40:33,291 [INFO] JKey.LOCAL_SENSOR
	CPU T=45.1°C
	int T=21.2°C, RH=32.7%
	ext T=13.3°C, RH=61.8%
2022-05-10 08:40:33,299 [INFO] JKey.LOCAL_SENSOR
	CPU T=46.2°C
	int T=23.5°C, RH=33.7%
	ext T=13.3°C, RH=61.8%
2022-05-10 09:40:30,771 [INFO] JKey.LOCAL_SENSOR
	CPU T=49.4°C
	int T=23.5°C, RH=33.7%
	ext T=15.1°C, RH=57.7%
2022-05-10 10:40:30,771 [INFO] JKey.LOCAL_SENSOR
	CPU T=52.6°C
	int T=26.2°C, RH=33.9%
	ext T=18.9°C, RH=47.4%
2022-05-10 11:40:33,303 [INFO] JKey.LOCAL_SENSOR
	CPU T=55.8°C
	int T=33.2°C, RH=31.8%
	ext T=23.3°C, RH=38.2%
2022-05-10 12:40:30,775 [INFO] JKey.LOCAL_SENSOR
	CPU T=62.3°C
	int T=33.1°C, RH=31.8%
	ext T=26.6°C, RH=27.9%
2022-05-10 13:40:33,306 [INFO] JKey.LOCAL_SENSOR
	CPU T=67.7°C
	int T=46.8°C, RH=24.5%
	ext T=31.8°C, RH=22.6%
2022-05-10 14:40:30,778 [INFO] JKey.LOCAL_SENSOR
	CPU T=71.4°C
	int T=46.6°C, RH=24.4%
	ext T=35.8°C, RH=15.3%
2022-05-10 15:40:33,311 [INFO] JKey.LOCAL_SENSOR
	CPU T=70.9°C
	int T=49.4°C, RH=23.1%
	ext T=35.6°C, RH=11.6%
2022-05-10 16:40:30,782 [INFO] JKey.LOCAL_SENSOR
	CPU T=67.7°C
	int T=48.1°C, RH=21.8%
	ext T=35.4°C, RH=10.9%
2022-05-10 17:40:33,311 [INFO] JKey.LOCAL_SENSOR
	CPU T=66.6°C
	int T=45.8°C, RH=21.5%
	ext T=31.1°C, RH=14.6%
2022-05-10 18:00:00,004 [INFO] JKey.SWITCH_RANDY, ('mow', False)
2022-05-10 18:40:30,786 [INFO] JKey.LOCAL_SENSOR
	CPU T=61.2°C
	int T=44.3°C, RH=21.8%
	ext T=31.0°C, RH=14.8%
2022-05-10 19:40:35,845 [INFO] JKey.LOCAL_SENSOR
	CPU T=56.9°C
	int T=34.2°C, RH=25.3%
	ext T=24.9°C, RH=25.5%
2022-05-10 20:40:30,795 [INFO] JKey.LOCAL_SENSOR
	CPU T=55.8°C
	int T=34.1°C, RH=25.2%
	ext T=24.8°C, RH=25.3%
2022-05-10 21:40:30,793 [INFO] JKey.LOCAL_SENSOR
	CPU T=53.7°C
	int T=31.9°C, RH=26.5%
	ext T=22.5°C, RH=31.5%
2022-05-10 22:40:35,852 [INFO] JKey.LOCAL_SENSOR
	CPU T=52.6°C
	int T=29.1°C, RH=27.3%
	ext T=21.0°C, RH=35.4%
2022-05-10 23:40:33,326 [INFO] JKey.LOCAL_SENSOR
	CPU T=51.5°C
	int T=29.1°C, RH=27.2%
	ext T=19.1°C, RH=39.2%
2022-05-11 00:00:00,003 [INFO] JKey.DAILY_INIT: JobQueue before loading control.txt:
	JobQueue, size=3
	1: 2022-05-11 00:00:00.128765, JKey.BUTTONS, None
	2: 2022-05-11 00:00:18.382907, JKey.PIUSV, None
	3: 2022-05-11 00:40:29.727019, JKey.LOCAL_SENSOR, None
2022-05-11 00:00:00,038 [WARNING] ControlFileReader.put_all_new_jobs(): No charging because randy.chargeOn = randy.chargeOff!
2022-05-11 00:00:00,067 [INFO] JKey.DAILY_INIT: JobQueue afterwards:
	JobQueue, size=7
	1: 2022-05-11 00:00:00.128765, JKey.BUTTONS, None
	2: 2022-05-11 00:00:18.382907, JKey.PIUSV, None
	3: 2022-05-11 00:40:29.727019, JKey.LOCAL_SENSOR, None
	4: 2022-05-11 07:30:00.000000, JKey.WEATHER_OWM, None
	5: 2022-05-11 09:00:00.000000, JKey.SWITCH_RANDY, ('mow', True)
	6: 2022-05-11 18:00:00.000000, JKey.SWITCH_RANDY, ('mow', False)
	7: 2022-05-12 00:00:00.000000, JKey.DAILY_INIT, None
2022-05-11 00:40:33,329 [INFO] JKey.LOCAL_SENSOR
	CPU T=51.5°C
	int T=28.0°C, RH=27.8%
	ext T=19.0°C, RH=39.2%
2022-05-11 01:40:33,333 [INFO] JKey.LOCAL_SENSOR
	CPU T=50.5°C
	int T=27.9°C, RH=27.8%
	ext T=18.3°C, RH=39.3%
2022-05-11 02:40:30,808 [INFO] JKey.LOCAL_SENSOR
	CPU T=49.9°C
	int T=27.1°C, RH=28.3%
	ext T=18.3°C, RH=39.3%
2022-05-11 03:40:30,813 [INFO] JKey.LOCAL_SENSOR
	CPU T=48.9°C
	int T=26.2°C, RH=28.5%
	ext T=17.6°C, RH=40.9%
2022-05-11 04:40:30,816 [INFO] JKey.LOCAL_SENSOR
	CPU T=48.3°C
	int T=25.5°C, RH=28.7%
	ext T=16.8°C, RH=43.3%
2022-05-11 05:40:30,818 [INFO] JKey.LOCAL_SENSOR
	CPU T=48.3°C
	int T=25.0°C, RH=29.1%
	ext T=16.4°C, RH=44.3%
2022-05-11 06:40:30,822 [INFO] JKey.LOCAL_SENSOR
	CPU T=48.3°C
	int T=24.8°C, RH=29.1%
	ext T=16.2°C, RH=45.0%
2022-05-11 07:30:00,012 [INFO] Starting new HTTP connection (1): api.openweathermap.org
2022-05-11 07:30:00,627 [INFO] JKey.WEATHER_OWM succeeded
WeatherForecast +0 days:
2022-05-11
	time = ['08:00:00', '11:00:00', '14:00:00', '17:00:00', '20:00:00', '23:00:00']
	T [°C] = [13.859999999999999, 16.609999999999999, 21.100000000000001, 24.010000000000002, 19.699999999999999, 16.260000000000002]
	rain [mm/h] = [0, 0, 0, 0, 0, 0]
	snow [mm/h] = [0, 0, 0, 0, 0, 0]
	pressure [hPa] = [1019, 1018, 1017, 1015, 1015, 1017]
	humidity [%] = [80, 69, 52, 44, 66, 75]
	clouds [%] = [0, 24, 47, 74, 45, 7]
	wind [m/s] = [2.54, 3.1299999999999999, 3.7400000000000002, 3.9300000000000002, 2.0699999999999998, 2.8799999999999999]WeatherForecast +1 days:
2022-05-12
	time = ['02:00:00', '05:00:00', '08:00:00', '11:00:00', '14:00:00', '17:00:00', '20:00:00', '23:00:00']
	T [°C] = [15.039999999999999, 14.34, 16.32, 20.43, 21.010000000000002, 21.870000000000001, 17.809999999999999, 14.77]
	rain [mm/h] = [0, 0, 0, 0, 0.059999999999999998, 0.043299999999999998, 0.050000000000000003, 0.34999999999999998]
	snow [mm/h] = [0, 0, 0, 0, 0, 0, 0, 0]
	pressure [hPa] = [1017, 1018, 1020, 1020, 1020, 1018, 1019, 1020]
	humidity [%] = [75, 68, 70, 61, 62, 59, 80, 94]
	clouds [%] = [15, 21, 60, 53, 65, 44, 31, 81]
	wind [m/s] = [3.1800000000000002, 4.1600000000000001, 4.4000000000000004, 4.3899999999999997, 4.4299999999999997, 3.71, 1.52, 0.95999999999999996]WeatherForecast +2 days:
2022-05-13
	time = ['02:00:00', '05:00:00', '08:00:00', '11:00:00', '14:00:00', '17:00:00', '20:00:00', '23:00:00']
	T [°C] = [14.300000000000001, 14.050000000000001, 14.98, 17.010000000000002, 18.18, 17.91, 16.57, 13.109999999999999]
	rain [mm/h] = [1.3232999999999999, 1.4299999999999999, 0, 0.1633, 0.41999999999999998, 0.23330000000000001, 0.10000000000000001, 0]
	snow [mm/h] = [0, 0, 0, 0, 0, 0, 0, 0]
	pressure [hPa] = [1020, 1021, 1021, 1021, 1020, 1020, 1020, 1021]
	humidity [%] = [98, 98, 92, 84, 79, 82, 83, 91]
	clouds [%] = [90, 100, 100, 99, 93, 100, 100, 93]
	wind [m/s] = [1.5700000000000001, 1.8300000000000001, 1.51, 1.95, 2.2400000000000002, 1.01, 0.64000000000000001, 1.1499999999999999]WeatherForecast +3 days:
2022-05-14
	time = ['02:00:00', '05:00:00', '08:00:00', '11:00:00', '14:00:00', '17:00:00', '20:00:00', '23:00:00']
	T [°C] = [12.15, 12.16, 11.890000000000001, 15.44, 20.600000000000001, 20.870000000000001, 16.57, 13.050000000000001]
	rain [mm/h] = [0, 0, 0.32669999999999999, 0.26000000000000001, 0, 0, 0, 0]
	snow [mm/h] = [0, 0, 0, 0, 0, 0, 0, 0]
	pressure [hPa] = [1021, 1021, 1022, 1022, 1020, 1019, 1020, 1021]
	humidity [%] = [87, 86, 92, 75, 51, 47, 69, 74]
	clouds [%] = [89, 100, 100, 100, 89, 15, 14, 44]
	wind [m/s] = [0.56000000000000005, 0.98999999999999999, 1.6299999999999999, 1.2, 1.0700000000000001, 2.5099999999999998, 1.6799999999999999, 0.63]
2022-05-11 07:40:30,824 [INFO] JKey.LOCAL_SENSOR
	CPU T=48.3°C
	int T=24.6°C, RH=29.2%
	ext T=16.1°C, RH=45.0%
2022-05-11 08:40:30,828 [INFO] JKey.LOCAL_SENSOR
	CPU T=50.5°C
	int T=25.6°C, RH=29.2%
	ext T=17.3°C, RH=42.6%
2022-05-11 09:00:00,004 [INFO] JKey.SWITCH_RANDY, ('mow', True)
2022-05-11 09:40:30,830 [INFO] JKey.LOCAL_SENSOR
	CPU T=53.7°C
	int T=27.2°C, RH=29.0%
	ext T=19.3°C, RH=40.6%
2022-05-11 10:40:35,886 [INFO] JKey.LOCAL_SENSOR
	CPU T=56.4°C
	int T=32.6°C, RH=29.0%
	ext T=22.5°C, RH=37.5%
2022-05-11 11:40:30,833 [INFO] JKey.LOCAL_SENSOR
	CPU T=58.0°C
	int T=32.6°C, RH=29.0%
	ext T=25.4°C, RH=30.8%
2022-05-11 12:40:30,835 [INFO] JKey.LOCAL_SENSOR
	CPU T=63.4°C
	int T=34.8°C, RH=28.2%
	ext T=27.9°C, RH=25.8%
2022-05-11 13:40:33,370 [INFO] JKey.LOCAL_SENSOR
	CPU T=68.8°C
	int T=41.8°C, RH=23.2%
	ext T=35.6°C, RH=12.2%
2022-05-11 14:40:30,844 [INFO] JKey.LOCAL_SENSOR
	CPU T=70.9°C
	int T=47.1°C, RH=20.4%
	ext T=35.5°C, RH=12.3%
2022-05-11 15:40:30,847 [INFO] JKey.LOCAL_SENSOR
	CPU T=74.7°C
	int T=48.8°C, RH=19.9%
	ext T=38.0°C, RH= 9.0%
2022-05-11 16:40:30,849 [INFO] JKey.LOCAL_SENSOR
	CPU T=73.1°C
	int T=51.1°C, RH=18.9%
	ext T=38.6°C, RH= 8.1%
2022-05-11 17:40:33,377 [INFO] JKey.LOCAL_SENSOR
	CPU T=70.4°C
	int T=46.3°C, RH=18.8%
	ext T=36.3°C, RH= 9.2%
2022-05-11 18:00:00,001 [INFO] JKey.SWITCH_RANDY, ('mow', False)
2022-05-11 18:40:30,853 [INFO] JKey.LOCAL_SENSOR
	CPU T=63.4°C
	int T=46.2°C, RH=18.8%
	ext T=33.8°C, RH= 8.3%
2022-05-11 19:40:30,853 [INFO] JKey.LOCAL_SENSOR
	CPU T=60.1°C
	int T=39.9°C, RH=19.8%
	ext T=30.5°C, RH= 9.7%
2022-05-11 20:40:33,382 [INFO] JKey.LOCAL_SENSOR
	CPU T=58.0°C
	int T=36.4°C, RH=20.6%
	ext T=26.1°C, RH=16.8%
2022-05-11 21:40:35,915 [INFO] JKey.LOCAL_SENSOR
	CPU T=56.9°C
	int T=34.8°C, RH=22.1%
	ext T=24.4°C, RH=21.2%
2022-05-11 22:40:33,386 [INFO] JKey.LOCAL_SENSOR
	CPU T=55.3°C
	int T=31.7°C, RH=23.7%
	ext T=24.3°C, RH=21.1%
2022-05-11 23:40:30,861 [INFO] JKey.LOCAL_SENSOR
	CPU T=53.7°C
	int T=31.6°C, RH=23.7%
	ext T=23.2°C, RH=23.7%
2022-05-12 00:00:00,003 [INFO] JKey.DAILY_INIT: JobQueue before loading control.txt:
	JobQueue, size=3
	1: 2022-05-12 00:00:03.204221, JKey.BUTTONS, None
	2: 2022-05-12 00:00:17.348105, JKey.PIUSV, None
	3: 2022-05-12 00:40:29.789623, JKey.LOCAL_SENSOR, None
2022-05-12 00:00:00,044 [WARNING] ControlFileReader.put_all_new_jobs(): No charging because randy.chargeOn = randy.chargeOff!
2022-05-12 00:00:00,071 [INFO] JKey.DAILY_INIT: JobQueue afterwards:
	JobQueue, size=7
	1: 2022-05-12 00:00:03.204221, JKey.BUTTONS, None
	2: 2022-05-12 00:00:17.348105, JKey.PIUSV, None
	3: 2022-05-12 00:40:29.789623, JKey.LOCAL_SENSOR, None
	4: 2022-05-12 07:30:00.000000, JKey.WEATHER_OWM, None
	5: 2022-05-12 09:00:00.000000, JKey.SWITCH_RANDY, ('mow', True)
	6: 2022-05-12 18:00:00.000000, JKey.SWITCH_RANDY, ('mow', False)
	7: 2022-05-13 00:00:00.000000, JKey.DAILY_INIT, None
2022-05-12 00:40:35,919 [INFO] JKey.LOCAL_SENSOR
	CPU T=52.6°C
	int T=29.6°C, RH=24.3%
	ext T=22.0°C, RH=27.7%
2022-05-12 01:40:33,394 [INFO] JKey.LOCAL_SENSOR
	CPU T=52.1°C
	int T=28.9°C, RH=24.8%
	ext T=21.3°C, RH=30.5%
2022-05-12 02:40:33,399 [INFO] JKey.LOCAL_SENSOR
	CPU T=51.5°C
	int T=28.1°C, RH=25.1%
	ext T=20.5°C, RH=33.1%
2022-05-12 03:40:30,873 [INFO] JKey.LOCAL_SENSOR
	CPU T=52.6°C
	int T=28.0°C, RH=25.0%
	ext T=19.8°C, RH=35.6%
2022-05-12 04:40:30,873 [INFO] JKey.LOCAL_SENSOR
	CPU T=51.0°C
	int T=28.2°C, RH=24.9%
	ext T=19.6°C, RH=34.7%
2022-05-12 05:40:30,877 [INFO] JKey.LOCAL_SENSOR
	CPU T=50.5°C
	int T=28.1°C, RH=25.2%
	ext T=19.7°C, RH=34.9%
2022-05-12 06:40:33,409 [INFO] JKey.LOCAL_SENSOR
	CPU T=52.1°C
	int T=28.5°C, RH=25.9%
	ext T=19.9°C, RH=34.2%
2022-05-12 07:30:00,009 [INFO] Starting new HTTP connection (1): api.openweathermap.org
2022-05-12 07:30:01,974 [INFO] JKey.WEATHER_OWM succeeded
WeatherForecast +0 days:
2022-05-12
	time = ['08:00:00', '11:00:00', '14:00:00', '17:00:00', '20:00:00', '23:00:00']
	T [°C] = [18.149999999999999, 19.16, 21.609999999999999, 22.829999999999998, 17.739999999999998, 15.09]
	rain [mm/h] = [0, 0, 0, 0.036700000000000003, 0.3533, 0.69999999999999996]
	snow [mm/h] = [0, 0, 0, 0, 0, 0]
	pressure [hPa] = [1019, 1019, 1018, 1017, 1019, 1021]
	humidity [%] = [56, 57, 54, 57, 83, 95]
	clouds [%] = [0, 22, 37, 69, 75, 100]
	wind [m/s] = [4.0199999999999996, 4.5899999999999999, 5.2199999999999998, 4.75, 1.75, 2.9700000000000002]WeatherForecast +1 days:
2022-05-13
	time = ['02:00:00', '05:00:00', '08:00:00', '11:00:00', '14:00:00', '17:00:00', '20:00:00', '23:00:00']
	T [°C] = [13.470000000000001, 13.140000000000001, 14.029999999999999, 17.030000000000001, 18.960000000000001, 18.899999999999999, 16.559999999999999, 13.49]
	rain [mm/h] = [0.093299999999999994, 0.42999999999999999, 0.1033, 0.1933, 0.37330000000000002, 0.19, 0.13, 0]
	snow [mm/h] = [0, 0, 0, 0, 0, 0, 0, 0]
	pressure [hPa] = [1021, 1021, 1021, 1021, 1020, 1019, 1020, 1022]
	humidity [%] = [96, 97, 94, 83, 72, 69, 80, 79]
	clouds [%] = [100, 100, 100, 97, 98, 100, 90, 100]
	wind [m/s] = [1.8999999999999999, 1.5600000000000001, 1.6200000000000001, 2.6899999999999999, 2.71, 1.6899999999999999, 1.3600000000000001, 0.67000000000000004]WeatherForecast +2 days:
2022-05-14
	time = ['02:00:00', '05:00:00', '08:00:00', '11:00:00', '14:00:00', '17:00:00', '20:00:00', '23:00:00']
	T [°C] = [12.880000000000001, 11.539999999999999, 14.25, 19.109999999999999, 21.989999999999998, 22.079999999999998, 17.539999999999999, 13.83]
	rain [mm/h] = [0, 0, 0, 0, 0, 0, 0, 0]
	snow [mm/h] = [0, 0, 0, 0, 0, 0, 0, 0]
	pressure [hPa] = [1022, 1021, 1022, 1021, 1020, 1019, 1020, 1021]
	humidity [%] = [79, 85, 76, 53, 44, 45, 70, 77]
	clouds [%] = [100, 98, 77, 32, 21, 12, 18, 40]
	wind [m/s] = [1.4399999999999999, 0.79000000000000004, 0.79000000000000004, 1.5900000000000001, 1.8999999999999999, 2.6499999999999999, 1.95, 0.87]WeatherForecast +3 days:
2022-05-15
	time = ['02:00:00', '05:00:00', '08:00:00', '11:00:00', '14:00:00', '17:00:00', '20:00:00', '23:00:00']
	T [°C] = [12.17, 11.109999999999999, 14.51, 19.399999999999999, 22.969999999999999, 23.52, 18.98, 14.640000000000001]
	rain [mm/h] = [0, 0, 0, 0, 0, 0, 0, 0]
	snow [mm/h] = [0, 0, 0, 0, 0, 0, 0, 0]
	pressure [hPa] = [1020, 1020, 1020, 1019, 1018, 1016, 1016, 1017]
	humidity [%] = [79, 83, 72, 57, 47, 45, 67, 81]
	clouds [%] = [24, 9, 49, 100, 87, 17, 15, 36]
	wind [m/s] = [0.69999999999999996, 0.73999999999999999, 1.6000000000000001, 2.7599999999999998, 2.8100000000000001, 2.8500000000000001, 2.2000000000000002, 1.72]
2022-05-12 07:40:30,882 [INFO] JKey.LOCAL_SENSOR
	CPU T=52.1°C
	int T=28.5°C, RH=25.9%
	ext T=20.4°C, RH=32.5%
2022-05-12 08:40:30,887 [INFO] JKey.LOCAL_SENSOR
	CPU T=53.2°C
	int T=29.0°C, RH=26.4%
	ext T=21.0°C, RH=31.3%
2022-05-12 09:40:30,888 [INFO] JKey.LOCAL_SENSOR
	CPU T=53.7°C
	int T=29.9°C, RH=26.2%
	ext T=21.9°C, RH=31.0%
2022-05-12 10:40:33,416 [INFO] JKey.LOCAL_SENSOR
	CPU T=55.8°C
	int T=32.4°C, RH=26.0%
	ext T=23.2°C, RH=30.0%
2022-05-12 11:40:30,894 [INFO] JKey.LOCAL_SENSOR
	CPU T=56.9°C
	int T=32.3°C, RH=25.9%
	ext T=25.5°C, RH=26.6%
2022-05-12 12:40:30,899 [INFO] JKey.LOCAL_SENSOR
	CPU T=60.7°C
	int T=34.5°C, RH=25.7%
	ext T=27.6°C, RH=25.6%
2022-05-12 13:40:30,901 [INFO] JKey.LOCAL_SENSOR
	CPU T=64.5°C
	int T=38.8°C, RH=23.0%
	ext T=30.1°C, RH=22.6%
2022-05-12 14:40:30,905 [INFO] JKey.LOCAL_SENSOR
	CPU T=66.1°C
	int T=42.8°C, RH=20.7%
	ext T=33.1°C, RH=17.7%
2022-05-12 15:40:35,962 [INFO] JKey.LOCAL_SENSOR
	CPU T=67.7°C
	int T=43.6°C, RH=20.5%
	ext T=34.7°C, RH=16.1%
2022-05-12 16:40:33,439 [INFO] JKey.LOCAL_SENSOR
	CPU T=67.1°C
	int T=45.0°C, RH=20.1%
	ext T=33.1°C, RH=15.8%
2022-05-12 16:43:20,393 [INFO] manual raining initiated
2022-05-12 16:43:22,411 [INFO] 2022-05-12 16:43:22.410827, JKey.SWITCH_SPRINKLER, (1, 0, 0)
2022-05-12 16:43:41,025 [INFO] exiting LedTimer thread
2022-05-12 17:11:22,416 [INFO] 2022-05-12 17:11:22.410827, JKey.SWITCH_SPRINKLER, (0, 0, 0)
2022-05-12 17:11:24,413 [INFO] 2022-05-12 17:11:24.410827, JKey.SWITCH_SPRINKLER, (0, 1, 0)
2022-05-12 17:27:24,412 [INFO] 2022-05-12 17:27:24.410827, JKey.SWITCH_SPRINKLER, (0, 0, 0)
2022-05-12 17:27:26,413 [INFO] 2022-05-12 17:27:26.410827, JKey.SWITCH_SPRINKLER, (0, 0, 1)
2022-05-12 17:36:26,414 [INFO] 2022-05-12 17:36:26.410827, JKey.SWITCH_SPRINKLER, (0, 0, 0)
2022-05-12 17:40:30,909 [INFO] JKey.LOCAL_SENSOR
	CPU T=66.6°C
	int T=44.5°C, RH=19.7%
	ext T=33.0°C, RH=15.3%
2022-05-12 18:00:00,000 [INFO] JKey.SWITCH_RANDY, ('mow', False)
2022-05-12 18:40:33,438 [INFO] JKey.LOCAL_SENSOR
	CPU T=61.2°C
	int T=37.8°C, RH=21.8%
	ext T=31.4°C, RH=19.1%
2022-05-12 19:40:30,913 [INFO] JKey.LOCAL_SENSOR
	CPU T=58.5°C
	int T=37.7°C, RH=21.7%
	ext T=28.3°C, RH=21.9%
2022-05-12 20:40:33,439 [INFO] JKey.LOCAL_SENSOR
	CPU T=58.0°C
	int T=33.6°C, RH=24.1%
	ext T=26.2°C, RH=28.3%
2022-05-12 21:40:30,916 [INFO] JKey.LOCAL_SENSOR
	CPU T=54.8°C
	int T=33.5°C, RH=24.0%
	ext T=24.4°C, RH=34.7%
2022-05-12 22:40:30,917 [INFO] JKey.LOCAL_SENSOR
	CPU T=51.5°C
	int T=31.6°C, RH=26.6%
	ext T=22.1°C, RH=38.1%
2022-05-12 23:40:30,919 [INFO] JKey.LOCAL_SENSOR
	CPU T=51.0°C
	int T=28.6°C, RH=28.4%
	ext T=19.4°C, RH=59.7%
2022-05-13 00:00:00,001 [INFO] JKey.DAILY_INIT: JobQueue before loading control.txt:
	JobQueue, size=3
	1: 2022-05-13 00:00:03.938280, JKey.BUTTONS, None
	2: 2022-05-13 00:00:12.261527, JKey.PIUSV, None
	3: 2022-05-13 00:40:29.847123, JKey.LOCAL_SENSOR, None
2022-05-13 00:00:00,052 [WARNING] ControlFileReader.put_all_new_jobs(): No charging because randy.chargeOn = randy.chargeOff!
2022-05-13 00:00:00,068 [INFO] JKey.DAILY_INIT: JobQueue afterwards:
	JobQueue, size=7
	1: 2022-05-13 00:00:03.938280, JKey.BUTTONS, None
	2: 2022-05-13 00:00:12.261527, JKey.PIUSV, None
	3: 2022-05-13 00:40:29.847123, JKey.LOCAL_SENSOR, None
	4: 2022-05-13 07:30:00.000000, JKey.WEATHER_OWM, None
	5: 2022-05-13 09:00:00.000000, JKey.SWITCH_RANDY, ('mow', True)
	6: 2022-05-13 18:00:00.000000, JKey.SWITCH_RANDY, ('mow', False)
	7: 2022-05-14 00:00:00.000000, JKey.DAILY_INIT, None
2022-05-13 00:40:33,449 [INFO] JKey.LOCAL_SENSOR
	CPU T=50.5°C
	int T=27.5°C, RH=28.6%
	ext T=18.9°C, RH=61.1%
2022-05-13 01:35:34,170 [ERROR] Exception in usv.read_status(). [Errno 5] Input/output error
2022-05-13 01:40:35,980 [INFO] JKey.LOCAL_SENSOR
	CPU T=50.5°C
	int T=27.3°C, RH=28.7%
	ext T=18.8°C, RH=61.4%
2022-05-13 02:40:33,458 [INFO] JKey.LOCAL_SENSOR
	CPU T=50.5°C
	int T=27.5°C, RH=28.6%
	ext T=18.6°C, RH=61.6%
2022-05-13 03:40:30,931 [INFO] JKey.LOCAL_SENSOR
	CPU T=49.9°C
	int T=27.4°C, RH=28.6%
	ext T=18.7°C, RH=63.3%
2022-05-13 04:40:30,935 [INFO] JKey.LOCAL_SENSOR
	CPU T=49.4°C
	int T=27.2°C, RH=29.1%
	ext T=18.5°C, RH=62.1%
2022-05-13 05:40:30,937 [INFO] JKey.LOCAL_SENSOR
	CPU T=49.4°C
	int T=26.7°C, RH=30.0%
	ext T=18.1°C, RH=62.8%
2022-05-13 06:40:30,940 [INFO] JKey.LOCAL_SENSOR
	CPU T=49.4°C
	int T=26.5°C, RH=30.2%
	ext T=17.9°C, RH=62.6%
2022-05-13 07:30:00,006 [INFO] Starting new HTTP connection (1): api.openweathermap.org
2022-05-13 07:30:01,277 [INFO] JKey.WEATHER_OWM succeeded
WeatherForecast +0 days:
2022-05-13
	time = ['08:00:00', '11:00:00', '14:00:00', '17:00:00', '20:00:00', '23:00:00']
	T [°C] = [15.09, 15.91, 15.66, 16.949999999999999, 15.76, 12.57]
	rain [mm/h] = [0.096699999999999994, 0.30669999999999997, 0.58999999999999997, 0.60999999999999999, 0.32329999999999998, 0]
	snow [mm/h] = [0, 0, 0, 0, 0, 0]
	pressure [hPa] = [1020, 1020, 1020, 1020, 1021, 1022]
	humidity [%] = [90, 87, 87, 85, 86, 87]
	clouds [%] = [20, 47, 73, 79, 64, 26]
	wind [m/s] = [2.5099999999999998, 4.0899999999999999, 1.9099999999999999, 2.8999999999999999, 1.4399999999999999, 0.82999999999999996]WeatherForecast +1 days:
2022-05-14
	time = ['02:00:00', '05:00:00', '08:00:00', '11:00:00', '14:00:00', '17:00:00', '20:00:00', '23:00:00']
	T [°C] = [12, 11.76, 13.01, 18.699999999999999, 21.059999999999999, 21.140000000000001, 16.670000000000002, 13.27]
	rain [mm/h] = [0, 0, 0, 0, 0, 0, 0, 0]
	snow [mm/h] = [0, 0, 0, 0, 0, 0, 0, 0]
	pressure [hPa] = [1022, 1022, 1022, 1022, 1020, 1019, 1020, 1021]
	humidity [%] = [87, 85, 80, 55, 46, 46, 69, 70]
	clouds [%] = [48, 100, 100, 44, 25, 2, 4, 5]
	wind [m/s] = [0.91000000000000003, 1.0600000000000001, 0.60999999999999999, 0.87, 2.3100000000000001, 2.9500000000000002, 1.8999999999999999, 0.54000000000000004]WeatherForecast +2 days:
2022-05-15
	time = ['02:00:00', '05:00:00', '08:00:00', '11:00:00', '14:00:00', '17:00:00', '20:00:00', '23:00:00']
	T [°C] = [11.609999999999999, 10.44, 14.029999999999999, 19.609999999999999, 22.079999999999998, 22.100000000000001, 18.170000000000002, 14.57]
	rain [mm/h] = [0, 0, 0, 0, 0, 0, 0, 0]
	snow [mm/h] = [0, 0, 0, 0, 0, 0, 0, 0]
	pressure [hPa] = [1021, 1020, 1020, 1019, 1018, 1017, 1017, 1018]
	humidity [%] = [77, 83, 74, 57, 52, 53, 73, 82]
	clouds [%] = [7, 15, 57, 86, 93, 100, 99, 97]
	wind [m/s] = [0.28000000000000003, 1.1100000000000001, 1.6699999999999999, 2.5800000000000001, 2.98, 2.7400000000000002, 2.0499999999999998, 1.6599999999999999]WeatherForecast +3 days:
2022-05-16
	time = ['02:00:00', '05:00:00', '08:00:00', '11:00:00', '14:00:00', '17:00:00', '20:00:00', '23:00:00']
	T [°C] = [13.119999999999999, 12.449999999999999, 15.970000000000001, 21.789999999999999, 24.469999999999999, 22.960000000000001, 18.440000000000001, 15.130000000000001]
	rain [mm/h] = [0, 0, 0, 0, 0, 0.16669999999999999, 0.45669999999999999, 0.43330000000000002]
	snow [mm/h] = [0, 0, 0, 0, 0, 0, 0, 0]
	pressure [hPa] = [1018, 1018, 1019, 1019, 1018, 1017, 1018, 1020]
	humidity [%] = [87, 87, 75, 57, 49, 58, 83, 94]
	clouds [%] = [84, 92, 93, 95, 95, 99, 80, 100]
	wind [m/s] = [1.5600000000000001, 0.34999999999999998, 0.68999999999999995, 1.3899999999999999, 2.8100000000000001, 3.0600000000000001, 2.21, 2.6200000000000001]
2022-05-13 07:40:33,471 [INFO] JKey.LOCAL_SENSOR
	CPU T=49.4°C
	int T=26.8°C, RH=29.9%
	ext T=17.5°C, RH=64.3%
2022-05-13 08:40:33,473 [INFO] JKey.LOCAL_SENSOR
	CPU T=49.9°C
	int T=26.4°C, RH=31.0%
	ext T=18.3°C, RH=63.1%
2022-05-13 09:00:00,001 [INFO] No mowing because of rain: 0.40
2022-05-13 09:40:30,949 [INFO] JKey.LOCAL_SENSOR
	CPU T=51.5°C
	int T=27.1°C, RH=30.5%
	ext T=18.2°C, RH=63.0%
2022-05-13 10:40:30,954 [INFO] JKey.LOCAL_SENSOR
	CPU T=52.6°C
	int T=28.7°C, RH=30.6%
	ext T=20.2°C, RH=57.8%
2022-05-13 11:40:36,019 [INFO] JKey.LOCAL_SENSOR
	CPU T=50.5°C
	int T=27.5°C, RH=32.3%
	ext T=21.0°C, RH=53.2%
2022-05-13 12:40:30,956 [INFO] JKey.LOCAL_SENSOR
	CPU T=48.3°C
	int T=27.5°C, RH=32.3%
	ext T=18.6°C, RH=70.7%
2022-05-13 13:40:33,487 [INFO] JKey.LOCAL_SENSOR
	CPU T=49.4°C
	int T=25.7°C, RH=33.5%
	ext T=17.0°C, RH=74.3%
2022-05-13 14:40:30,962 [INFO] JKey.LOCAL_SENSOR
	CPU T=54.8°C
	int T=25.8°C, RH=34.4%
	ext T=17.0°C, RH=74.3%
2022-05-13 15:40:30,962 [INFO] JKey.LOCAL_SENSOR
	CPU T=56.9°C
	int T=32.6°C, RH=31.0%
	ext T=22.4°C, RH=52.5%
2022-05-13 16:40:30,965 [INFO] JKey.LOCAL_SENSOR
	CPU T=61.2°C
	int T=35.4°C, RH=30.3%
	ext T=24.8°C, RH=42.9%
2022-05-13 17:40:30,978 [INFO] JKey.LOCAL_SENSOR
	CPU T=56.9°C
	int T=38.6°C, RH=28.3%
	ext T=26.9°C, RH=37.0%
2022-05-13 18:00:00,003 [INFO] JKey.SWITCH_RANDY, ('mow', False)
2022-05-13 18:40:30,969 [INFO] JKey.LOCAL_SENSOR
	CPU T=54.8°C
	int T=33.8°C, RH=29.6%
	ext T=23.6°C, RH=40.6%
2022-05-13 19:40:30,972 [INFO] JKey.LOCAL_SENSOR
	CPU T=52.6°C
	int T=32.0°C, RH=30.3%
	ext T=22.8°C, RH=42.4%
2022-05-13 20:40:30,976 [INFO] JKey.LOCAL_SENSOR
	CPU T=51.5°C
	int T=30.0°C, RH=31.6%
	ext T=21.0°C, RH=45.0%
2022-05-13 21:40:30,977 [INFO] JKey.LOCAL_SENSOR
	CPU T=50.5°C
	int T=28.9°C, RH=31.5%
	ext T=20.0°C, RH=52.1%
2022-05-13 22:17:47,844 [INFO] JKey.PIUSV
	status=2
	Vbat=4142mV
	Ipi=270mA
	Vpi=4967mV
	Vext=1661mV
	Vusb=27437mV
	shutdown request=False
2022-05-13 22:40:30,980 [INFO] JKey.LOCAL_SENSOR
	CPU T=49.4°C
	int T=27.5°C, RH=31.8%
	ext T=18.2°C, RH=58.0%
2022-05-13 23:40:30,972 [INFO] JKey.LOCAL_SENSOR
	CPU T=48.9°C
	int T=26.4°C, RH=32.0%
	ext T=17.1°C, RH=61.1%
2022-05-14 00:00:00,003 [INFO] JKey.DAILY_INIT: JobQueue before loading control.txt:
	JobQueue, size=3
	1: 2022-05-14 00:00:02.088480, JKey.BUTTONS, None
	2: 2022-05-14 00:00:08.242149, JKey.PIUSV, None
	3: 2022-05-14 00:40:29.911211, JKey.LOCAL_SENSOR, None
2022-05-14 00:00:00,028 [WARNING] ControlFileReader.put_all_new_jobs(): No charging because randy.chargeOn = randy.chargeOff!
2022-05-14 00:00:00,043 [INFO] JKey.DAILY_INIT: JobQueue afterwards:
	JobQueue, size=7
	1: 2022-05-14 00:00:02.088480, JKey.BUTTONS, None
	2: 2022-05-14 00:00:08.242149, JKey.PIUSV, None
	3: 2022-05-14 00:40:29.911211, JKey.LOCAL_SENSOR, None
	4: 2022-05-14 07:30:00.000000, JKey.WEATHER_OWM, None
	5: 2022-05-14 09:00:00.000000, JKey.SWITCH_RANDY, ('mow', True)
	6: 2022-05-14 18:00:00.000000, JKey.SWITCH_RANDY, ('mow', False)
	7: 2022-05-15 00:00:00.000000, JKey.DAILY_INIT, None
2022-05-14 00:40:30,980 [INFO] JKey.LOCAL_SENSOR
	CPU T=48.3°C
	int T=25.6°C, RH=32.0%
	ext T=16.3°C, RH=60.2%
2022-05-14 01:40:30,983 [INFO] JKey.LOCAL_SENSOR
	CPU T=47.2°C
	int T=25.0°C, RH=31.7%
	ext T=15.5°C, RH=61.5%
2022-05-14 02:40:30,983 [INFO] JKey.LOCAL_SENSOR
	CPU T=47.2°C
	int T=24.6°C, RH=31.8%
	ext T=15.3°C, RH=62.5%
2022-05-14 03:40:30,976 [INFO] JKey.LOCAL_SENSOR
	CPU T=47.2°C
	int T=24.5°C, RH=32.6%
	ext T=15.3°C, RH=63.9%
2022-05-14 04:40:30,979 [INFO] JKey.LOCAL_SENSOR
	CPU T=47.2°C
	int T=23.8°C, RH=32.2%
	ext T=14.5°C, RH=61.2%
2022-05-14 05:40:30,983 [INFO] JKey.LOCAL_SENSOR
	CPU T=46.2°C
	int T=23.8°C, RH=32.0%
	ext T=14.7°C, RH=64.1%
2022-05-14 06:40:30,984 [INFO] JKey.LOCAL_SENSOR
	CPU T=47.2°C
	int T=23.5°C, RH=32.1%
	ext T=14.2°C, RH=65.5%
2022-05-14 07:30:00,008 [INFO] Starting new HTTP connection (1): api.openweathermap.org
2022-05-14 07:30:01,350 [INFO] JKey.WEATHER_OWM succeeded
WeatherForecast +0 days:
2022-05-14
	time = ['08:00:00', '11:00:00', '14:00:00', '17:00:00', '20:00:00', '23:00:00']
	T [°C] = [12.220000000000001, 14.210000000000001, 18.5, 21.629999999999999, 17.07, 13.470000000000001]
	rain [mm/h] = [0, 0, 0, 0, 0, 0]
	snow [mm/h] = [0, 0, 0, 0, 0, 0]
	pressure [hPa] = [1022, 1022, 1021, 1018, 1020, 1021]
	humidity [%] = [95, 84, 62, 46, 68, 73]
	clouds [%] = [75, 83, 64, 2, 13, 43]
	wind [m/s] = [0.40999999999999998, 0.75, 1.8300000000000001, 2.9700000000000002, 1.6699999999999999, 0.42999999999999999]WeatherForecast +1 days:
2022-05-15
	time = ['02:00:00', '05:00:00', '08:00:00', '11:00:00', '14:00:00', '17:00:00', '20:00:00', '23:00:00']
	T [°C] = [11.890000000000001, 10.6, 14.33, 19.719999999999999, 22.600000000000001, 22.469999999999999, 18.300000000000001, 14.07]
	rain [mm/h] = [0, 0, 0, 0, 0, 0, 0, 0]
	snow [mm/h] = [0, 0, 0, 0, 0, 0, 0, 0]
	pressure [hPa] = [1020, 1020, 1020, 1019, 1018, 1016, 1016, 1018]
	humidity [%] = [78, 83, 71, 57, 49, 49, 70, 82]
	clouds [%] = [26, 22, 34, 48, 61, 93, 62, 1]
	wind [m/s] = [0.55000000000000004, 0.47999999999999998, 1.22, 2.6600000000000001, 3.29, 3.3100000000000001, 2.1299999999999999, 1.8500000000000001]WeatherForecast +2 days:
2022-05-16
	time = ['02:00:00', '05:00:00', '08:00:00', '11:00:00', '14:00:00', '17:00:00', '20:00:00', '23:00:00']
	T [°C] = [12.460000000000001, 11.609999999999999, 15.859999999999999, 20.940000000000001, 24.890000000000001, 23.399999999999999, 18.199999999999999, 14.17]
	rain [mm/h] = [0, 0, 0, 0, 0.059999999999999998, 0.12, 0.5, 0.84670000000000001]
	snow [mm/h] = [0, 0, 0, 0, 0, 0, 0, 0]
	pressure [hPa] = [1018, 1019, 1020, 1019, 1018, 1018, 1020, 1022]
	humidity [%] = [83, 88, 78, 64, 49, 60, 82, 93]
	clouds [%] = [5, 11, 18, 97, 89, 56, 73, 100]
	wind [m/s] = [1.1799999999999999, 1.1599999999999999, 1.8100000000000001, 2.71, 4.3600000000000003, 3.9500000000000002, 2.52, 3.1299999999999999]WeatherForecast +3 days:
2022-05-17
	time = ['02:00:00', '05:00:00', '08:00:00', '11:00:00', '14:00:00', '17:00:00', '20:00:00', '23:00:00']
	T [°C] = [12.859999999999999, 12.210000000000001, 14.83, 20.199999999999999, 22.489999999999998, 21.989999999999998, 18.289999999999999, 14.56]
	rain [mm/h] = [0.12670000000000001, 0.076700000000000004, 0, 0, 0.10000000000000001, 0.42670000000000002, 0.44330000000000003, 0.64670000000000005]
	snow [mm/h] = [0, 0, 0, 0, 0, 0, 0, 0]
	pressure [hPa] = [1022, 1022, 1022, 1022, 1021, 1020, 1021, 1024]
	humidity [%] = [95, 95, 90, 65, 57, 63, 85, 94]
	clouds [%] = [90, 88, 94, 100, 100, 96, 78, 27]
	wind [m/s] = [2.4700000000000002, 1.9399999999999999, 1.23, 0.94999999999999996, 1.75, 2.1200000000000001, 1.73, 0.65000000000000002]
2022-05-14 07:40:30,986 [INFO] JKey.LOCAL_SENSOR
	CPU T=48.3°C
	int T=23.6°C, RH=32.2%
	ext T=14.5°C, RH=64.7%
2022-05-14 08:40:33,520 [INFO] JKey.LOCAL_SENSOR
	CPU T=49.4°C
	int T=25.1°C, RH=32.2%
	ext T=17.4°C, RH=53.2%
2022-05-14 09:00:00,001 [INFO] JKey.SWITCH_RANDY, ('mow', True)
2022-05-14 09:40:36,052 [INFO] JKey.LOCAL_SENSOR
	CPU T=52.6°C
	int T=28.4°C, RH=32.2%
	ext T=19.9°C, RH=43.3%
2022-05-14 10:40:30,996 [INFO] JKey.LOCAL_SENSOR
	CPU T=54.8°C
	int T=28.3°C, RH=32.1%
	ext T=19.9°C, RH=43.0%
2022-05-14 11:40:30,999 [INFO] JKey.LOCAL_SENSOR
	CPU T=57.5°C
	int T=31.0°C, RH=30.8%
	ext T=23.1°C, RH=29.9%
2022-05-14 12:40:31,001 [INFO] JKey.LOCAL_SENSOR
	CPU T=62.8°C
	int T=33.5°C, RH=29.4%
	ext T=26.1°C, RH=24.8%
2022-05-14 13:40:33,533 [INFO] JKey.LOCAL_SENSOR
	CPU T=68.8°C
	int T=47.1°C, RH=22.7%
	ext T=30.7°C, RH=20.5%
2022-05-14 14:40:33,533 [INFO] JKey.LOCAL_SENSOR
	CPU T=70.4°C
	int T=46.9°C, RH=22.5%
	ext T=35.1°C, RH=15.0%
2022-05-14 15:40:38,594 [INFO] JKey.LOCAL_SENSOR
	CPU T=73.6°C
	int T=50.5°C, RH=20.3%
	ext T=35.0°C, RH=15.0%
2022-05-14 16:40:31,013 [INFO] JKey.LOCAL_SENSOR
	CPU T=72.5°C
	int T=50.5°C, RH=20.3%
	ext T=35.7°C, RH=12.1%
2022-05-14 17:36:20,661 [ERROR] Exception in usv.read_status(). [Errno 5] Input/output error
2022-05-14 17:40:31,016 [INFO] JKey.LOCAL_SENSOR
	CPU T=70.9°C
	int T=48.6°C, RH=20.1%
	ext T=33.9°C, RH=13.1%
2022-05-14 18:00:00,003 [INFO] JKey.SWITCH_RANDY, ('mow', False)
2022-05-14 18:40:31,017 [INFO] JKey.LOCAL_SENSOR
	CPU T=62.8°C
	int T=47.3°C, RH=20.9%
	ext T=32.7°C, RH=14.9%
2022-05-14 19:40:31,020 [INFO] JKey.LOCAL_SENSOR
	CPU T=59.6°C
	int T=38.8°C, RH=23.5%
	ext T=27.7°C, RH=20.5%
2022-05-14 20:40:31,025 [INFO] JKey.LOCAL_SENSOR
	CPU T=56.4°C
	int T=34.8°C, RH=24.5%
	ext T=24.8°C, RH=24.7%
2022-05-14 21:40:33,556 [INFO] JKey.LOCAL_SENSOR
	CPU T=53.7°C
	int T=29.4°C, RH=26.0%
	ext T=22.3°C, RH=31.3%
2022-05-14 22:40:31,027 [INFO] JKey.LOCAL_SENSOR
	CPU T=51.5°C
	int T=29.3°C, RH=25.9%
	ext T=19.5°C, RH=38.8%
2022-05-14 23:40:33,561 [INFO] JKey.LOCAL_SENSOR
	CPU T=51.5°C
	int T=26.5°C, RH=26.5%
	ext T=18.5°C, RH=40.8%
2022-05-15 00:00:00,001 [INFO] JKey.DAILY_INIT: JobQueue before loading control.txt:
	JobQueue, size=3
	1: 2022-05-15 00:00:04.209630, JKey.PIUSV, None
	2: 2022-05-15 00:00:04.620487, JKey.BUTTONS, None
	3: 2022-05-15 00:40:29.971027, JKey.LOCAL_SENSOR, None
2022-05-15 00:00:00,022 [WARNING] ControlFileReader.put_all_new_jobs(): No charging because randy.chargeOn = randy.chargeOff!
2022-05-15 00:00:00,037 [INFO] JKey.DAILY_INIT: JobQueue afterwards:
	JobQueue, size=7
	1: 2022-05-15 00:00:04.209630, JKey.PIUSV, None
	2: 2022-05-15 00:00:04.620487, JKey.BUTTONS, None
	3: 2022-05-15 00:40:29.971027, JKey.LOCAL_SENSOR, None
	4: 2022-05-15 07:30:00.000000, JKey.WEATHER_OWM, None
	5: 2022-05-15 09:00:00.000000, JKey.SWITCH_RANDY, ('mow', True)
	6: 2022-05-15 18:00:00.000000, JKey.SWITCH_RANDY, ('mow', False)
	7: 2022-05-16 00:00:00.000000, JKey.DAILY_INIT, None
2022-05-15 00:40:31,036 [INFO] JKey.LOCAL_SENSOR
	CPU T=49.4°C
	int T=26.4°C, RH=26.4%
	ext T=16.9°C, RH=45.6%
2022-05-15 01:40:33,571 [INFO] JKey.LOCAL_SENSOR
	CPU T=48.3°C
	int T=25.4°C, RH=26.6%
	ext T=15.1°C, RH=48.8%
2022-05-15 02:40:31,045 [INFO] JKey.LOCAL_SENSOR
	CPU T=48.3°C
	int T=24.6°C, RH=26.7%
	ext T=15.1°C, RH=48.8%
2022-05-15 03:23:06,518 [INFO] JKey.PIUSV
	status=2
	Vbat=4142mV
	Ipi=270mA
	Vpi=4967mV
	Vext=1661mV
	Vusb=27437mV
	shutdown request=False
2022-05-15 03:40:31,045 [INFO] JKey.LOCAL_SENSOR
	CPU T=47.8°C
	int T=23.8°C, RH=26.8%
	ext T=14.4°C, RH=52.5%
2022-05-15 04:40:31,047 [INFO] JKey.LOCAL_SENSOR
	CPU T=47.2°C
	int T=23.2°C, RH=26.8%
	ext T=13.9°C, RH=51.7%
2022-05-15 05:40:33,578 [INFO] JKey.LOCAL_SENSOR
	CPU T=46.7°C
	int T=22.7°C, RH=27.0%
	ext T=12.6°C, RH=53.2%
2022-05-15 06:40:33,582 [INFO] JKey.LOCAL_SENSOR
	CPU T=46.2°C
	int T=22.3°C, RH=27.0%
	ext T=12.6°C, RH=53.2%
2022-05-15 07:30:00,009 [INFO] Starting new HTTP connection (1): api.openweathermap.org
2022-05-15 07:30:00,277 [INFO] JKey.WEATHER_OWM succeeded
WeatherForecast +0 days:
2022-05-15
	time = ['08:00:00', '11:00:00', '14:00:00', '17:00:00', '20:00:00', '23:00:00']
	T [°C] = [10.69, 13.84, 18.879999999999999, 23.010000000000002, 18.34, 14.130000000000001]
	rain [mm/h] = [0, 0, 0, 0, 0, 0]
	snow [mm/h] = [0, 0, 0, 0, 0, 0]
	pressure [hPa] = [1020, 1020, 1018, 1016, 1016, 1017]
	humidity [%] = [86, 75, 59, 45, 69, 80]
	clouds [%] = [30, 25, 18, 7, 51, 49]
	wind [m/s] = [1.25, 2.8199999999999998, 3.2599999999999998, 3.3500000000000001, 2.4300000000000002, 1.6000000000000001]WeatherForecast +1 days:
2022-05-16
	time = ['02:00:00', '05:00:00', '08:00:00', '11:00:00', '14:00:00', '17:00:00', '20:00:00', '23:00:00']
	T [°C] = [13.08, 12.699999999999999, 15.66, 21.140000000000001, 22.199999999999999, 22.489999999999998, 17.030000000000001, 14.06]
	rain [mm/h] = [0, 0, 0.033300000000000003, 0, 0.20669999999999999, 0.26329999999999998, 1.0066999999999999, 1.02]
	snow [mm/h] = [0, 0, 0, 0, 0, 0, 0, 0]
	pressure [hPa] = [1017, 1017, 1019, 1019, 1018, 1017, 1019, 1021]
	humidity [%] = [79, 83, 78, 62, 59, 60, 88, 94]
	clouds [%] = [74, 100, 100, 95, 84, 97, 98, 100]
	wind [m/s] = [1.26, 0.68999999999999995, 1.8600000000000001, 3.6499999999999999, 3.04, 2.5099999999999998, 3.1400000000000001, 3.3399999999999999]WeatherForecast +2 days:
2022-05-17
	time = ['02:00:00', '05:00:00', '08:00:00', '11:00:00', '14:00:00', '17:00:00', '20:00:00', '23:00:00']
	T [°C] = [12.91, 11.779999999999999, 14.33, 19.25, 20.82, 21.370000000000001, 16.579999999999998, 12.74]
	rain [mm/h] = [0.20330000000000001, 0.25330000000000003, 0.036700000000000003, 0, 0.1467, 0.15670000000000001, 0.1133, 0]
	snow [mm/h] = [0, 0, 0, 0, 0, 0, 0, 0]
	pressure [hPa] = [1022, 1022, 1023, 1022, 1021, 1021, 1022, 1024]
	humidity [%] = [96, 98, 93, 64, 56, 52, 79, 86]
	clouds [%] = [100, 41, 53, 27, 55, 99, 67, 7]
	wind [m/s] = [2.8799999999999999, 2.23, 2.0099999999999998, 2.79, 3.75, 2.5800000000000001, 2.7200000000000002, 3.1800000000000002]WeatherForecast +3 days:
2022-05-18
	time = ['02:00:00', '05:00:00', '08:00:00', '11:00:00', '14:00:00', '17:00:00', '20:00:00', '23:00:00']
	T [°C] = [11.06, 9.4399999999999995, 12.56, 17.969999999999999, 20.890000000000001, 20.609999999999999, 15.949999999999999, 11.449999999999999]
	rain [mm/h] = [0, 0, 0, 0, 0, 0, 0, 0]
	snow [mm/h] = [0, 0, 0, 0, 0, 0, 0, 0]
	pressure [hPa] = [1024, 1025, 1026, 1024, 1023, 1022, 1022, 1023]
	humidity [%] = [84, 90, 80, 60, 50, 46, 62, 71]
	clouds [%] = [15, 26, 31, 8, 7, 5, 4, 3]
	wind [m/s] = [2.8700000000000001, 2.98, 3.5699999999999998, 4.6699999999999999, 5.3200000000000003, 5.0199999999999996, 3.3799999999999999, 2.7400000000000002]
2022-05-15 07:40:31,055 [INFO] JKey.LOCAL_SENSOR
	CPU T=47.2°C
	int T=22.3°C, RH=27.0%
	ext T=13.4°C, RH=52.8%
2022-05-15 08:40:33,587 [INFO] JKey.LOCAL_SENSOR
	CPU T=48.3°C
	int T=23.2°C, RH=27.4%
	ext T=16.5°C, RH=52.0%
2022-05-15 09:40:31,058 [INFO] JKey.LOCAL_SENSOR
	CPU T=52.6°C
	int T=25.0°C, RH=28.0%
	ext T=16.5°C, RH=52.0%
2022-05-15 10:40:31,057 [INFO] JKey.LOCAL_SENSOR
	CPU T=55.8°C
	int T=28.1°C, RH=27.5%
	ext T=20.6°C, RH=40.5%
2022-05-15 11:40:33,589 [INFO] JKey.LOCAL_SENSOR
	CPU T=58.0°C
	int T=34.9°C, RH=26.4%
	ext T=24.8°C, RH=30.1%
2022-05-15 12:40:31,064 [INFO] JKey.LOCAL_SENSOR
	CPU T=65.5°C
	int T=34.7°C, RH=26.3%
	ext T=28.8°C, RH=21.1%
2022-05-15 13:40:31,064 [INFO] JKey.LOCAL_SENSOR
	CPU T=70.9°C
	int T=43.8°C, RH=22.0%
	ext T=34.0°C, RH=15.6%
2022-05-15 14:40:31,067 [INFO] JKey.LOCAL_SENSOR
	CPU T=74.1°C
	int T=48.5°C, RH=20.8%
	ext T=37.4°C, RH=13.3%
2022-05-15 15:40:33,597 [INFO] JKey.LOCAL_SENSOR
	CPU T=75.8°C
	int T=51.7°C, RH=20.4%
	ext T=38.2°C, RH=10.0%
2022-05-15 16:40:31,070 [INFO] JKey.LOCAL_SENSOR
	CPU T=75.8°C
	int T=52.1°C, RH=20.5%
	ext T=38.2°C, RH= 9.9%
2022-05-15 17:40:31,071 [INFO] JKey.LOCAL_SENSOR
	CPU T=73.6°C
	int T=52.0°C, RH=20.3%
	ext T=37.3°C, RH=10.3%
2022-05-15 18:00:00,003 [INFO] JKey.SWITCH_RANDY, ('mow', False)
2022-05-15 18:40:31,072 [INFO] JKey.LOCAL_SENSOR
	CPU T=65.5°C
	int T=49.3°C, RH=21.0%
	ext T=34.5°C, RH=12.3%
2022-05-15 19:40:31,077 [INFO] JKey.LOCAL_SENSOR
	CPU T=61.2°C
	int T=40.6°C, RH=23.5%
	ext T=29.7°C, RH=16.5%
2022-05-15 20:40:33,606 [INFO] JKey.LOCAL_SENSOR
	CPU T=58.5°C
	int T=33.8°C, RH=24.5%
	ext T=26.9°C, RH=21.7%
2022-05-15 21:40:31,080 [INFO] JKey.LOCAL_SENSOR
	CPU T=56.4°C
	int T=33.7°C, RH=24.5%
	ext T=24.1°C, RH=27.9%
2022-05-15 22:40:31,084 [INFO] JKey.LOCAL_SENSOR
	CPU T=54.2°C
	int T=31.5°C, RH=25.5%
	ext T=21.9°C, RH=31.8%
2022-05-15 23:40:33,613 [INFO] JKey.LOCAL_SENSOR
	CPU T=53.2°C
	int T=29.9°C, RH=25.4%
	ext T=18.9°C, RH=39.6%
2022-05-16 00:00:00,005 [INFO] JKey.DAILY_INIT: JobQueue before loading control.txt:
	JobQueue, size=3
	1: 2022-05-16 00:00:00.134281, JKey.PIUSV, None
	2: 2022-05-16 00:00:00.509387, JKey.BUTTONS, None
	3: 2022-05-16 00:40:30.022737, JKey.LOCAL_SENSOR, None
2022-05-16 00:00:00,027 [WARNING] ControlFileReader.put_all_new_jobs(): No charging because randy.chargeOn = randy.chargeOff!
2022-05-16 00:00:00,044 [INFO] JKey.DAILY_INIT: JobQueue afterwards:
	JobQueue, size=7
	1: 2022-05-16 00:00:00.134281, JKey.PIUSV, None
	2: 2022-05-16 00:00:00.509387, JKey.BUTTONS, None
	3: 2022-05-16 00:40:30.022737, JKey.LOCAL_SENSOR, None
	4: 2022-05-16 07:30:00.000000, JKey.WEATHER_OWM, None
	5: 2022-05-16 09:00:00.000000, JKey.SWITCH_RANDY, ('mow', True)
	6: 2022-05-16 18:00:00.000000, JKey.SWITCH_RANDY, ('mow', False)
	7: 2022-05-17 00:00:00.000000, JKey.DAILY_INIT, None
2022-05-16 00:40:31,086 [INFO] JKey.LOCAL_SENSOR
	CPU T=51.5°C
	int T=28.6°C, RH=25.6%
	ext T=18.9°C, RH=39.6%
2022-05-16 01:40:31,091 [INFO] JKey.LOCAL_SENSOR
	CPU T=51.0°C
	int T=27.4°C, RH=25.7%
	ext T=17.8°C, RH=44.4%
2022-05-16 02:40:31,092 [INFO] JKey.LOCAL_SENSOR
	CPU T=49.9°C
	int T=26.6°C, RH=26.0%
	ext T=17.1°C, RH=46.4%
2022-05-16 03:40:31,095 [INFO] JKey.LOCAL_SENSOR
	CPU T=49.9°C
	int T=26.1°C, RH=26.1%
	ext T=16.8°C, RH=47.3%
2022-05-16 04:40:31,100 [INFO] JKey.LOCAL_SENSOR
	CPU T=49.4°C
	int T=25.5°C, RH=26.3%
	ext T=16.3°C, RH=50.0%
2022-05-16 05:40:31,100 [INFO] JKey.LOCAL_SENSOR
	CPU T=49.4°C
	int T=25.3°C, RH=26.5%
	ext T=16.2°C, RH=49.4%
2022-05-16 06:40:31,101 [INFO] JKey.LOCAL_SENSOR
	CPU T=50.5°C
	int T=25.6°C, RH=26.6%
	ext T=16.5°C, RH=49.3%
2022-05-16 07:30:00,010 [INFO] Starting new HTTP connection (1): api.openweathermap.org
2022-05-16 07:30:00,659 [INFO] JKey.WEATHER_OWM succeeded
WeatherForecast +0 days:
2022-05-16
	time = ['08:00:00', '11:00:00', '14:00:00', '17:00:00', '20:00:00', '23:00:00']
	T [°C] = [13.619999999999999, 16.079999999999998, 19.829999999999998, 19.52, 16.170000000000002, 13.83]
	rain [mm/h] = [0, 0, 0.48330000000000001, 0.9133, 1.0166999999999999, 0.45000000000000001]
	snow [mm/h] = [0, 0, 0, 0, 0, 0]
	pressure [hPa] = [1018, 1018, 1018, 1018, 1019, 1022]
	humidity [%] = [85, 76, 67, 81, 94, 94]
	clouds [%] = [0, 31, 61, 99, 100, 99]
	wind [m/s] = [2.0499999999999998, 1.52, 1.96, 1.4399999999999999, 2.1299999999999999, 3.6000000000000001]WeatherForecast +1 days:
2022-05-17
	time = ['02:00:00', '05:00:00', '08:00:00', '11:00:00', '14:00:00', '17:00:00', '20:00:00', '23:00:00']
	T [°C] = [13.130000000000001, 11.52, 14.130000000000001, 19.25, 22.010000000000002, 21.719999999999999, 17.789999999999999, 13.869999999999999]
	rain [mm/h] = [0.30330000000000001, 0, 0, 0.046699999999999998, 0.036700000000000003, 0, 0, 0]
	snow [mm/h] = [0, 0, 0, 0, 0, 0, 0, 0]
	pressure [hPa] = [1022, 1022, 1023, 1022, 1020, 1020, 1021, 1022]
	humidity [%] = [96, 97, 90, 64, 49, 47, 72, 83]
	clouds [%] = [99, 36, 20, 10, 18, 54, 39, 15]
	wind [m/s] = [3.2999999999999998, 2.6499999999999999, 2.3700000000000001, 2.7400000000000002, 3.77, 3.6600000000000001, 2.0899999999999999, 0.81999999999999995]WeatherForecast +2 days:
2022-05-18
	time = ['02:00:00', '05:00:00', '08:00:00', '11:00:00', '14:00:00', '17:00:00', '20:00:00', '23:00:00']
	T [°C] = [12.5, 11.460000000000001, 15.1, 19.91, 22.34, 22.379999999999999, 17.949999999999999, 13.27]
	rain [mm/h] = [0, 0, 0, 0, 0, 0, 0, 0]
	snow [mm/h] = [0, 0, 0, 0, 0, 0, 0, 0]
	pressure [hPa] = [1023, 1024, 1024, 1024, 1023, 1022, 1022, 1023]
	humidity [%] = [86, 89, 76, 58, 48, 49, 73, 83]
	clouds [%] = [11, 18, 24, 11, 6, 0, 0, 0]
	wind [m/s] = [0.81999999999999995, 0.81999999999999995, 0.85999999999999999, 2.1899999999999999, 3.1099999999999999, 3.6200000000000001, 4.4699999999999998, 3.2799999999999998]WeatherForecast +3 days:
2022-05-19
	time = ['02:00:00', '05:00:00', '08:00:00', '11:00:00', '14:00:00', '17:00:00', '20:00:00', '23:00:00']
	T [°C] = [10.539999999999999, 9.6199999999999992, 14.859999999999999, 22.739999999999998, 25.949999999999999, 26.370000000000001, 21.550000000000001, 18.210000000000001]
	rain [mm/h] = [0, 0, 0, 0, 0, 0, 0, 0]
	snow [mm/h] = [0, 0, 0, 0, 0, 0, 0, 0]
	pressure [hPa] = [1023, 1023, 1023, 1022, 1021, 1021, 1021, 1022]
	humidity [%] = [78, 85, 77, 54, 49, 47, 75, 82]
	clouds [%] = [1, 6, 6, 21, 58, 73, 74, 75]
	wind [m/s] = [2.5899999999999999, 1.78, 1.4399999999999999, 0.45000000000000001, 2.3500000000000001, 3.0600000000000001, 0.79000000000000004, 2.0299999999999998]
2022-05-16 07:40:31,105 [INFO] JKey.LOCAL_SENSOR
	CPU T=50.5°C
	int T=26.0°C, RH=26.5%
	ext T=16.9°C, RH=50.1%
2022-05-16 08:40:31,106 [INFO] JKey.LOCAL_SENSOR
	CPU T=52.6°C
	int T=27.1°C, RH=26.7%
	ext T=18.0°C, RH=49.5%
2022-05-16 09:00:00,007 [INFO] No mowing because of rain: 0.35
2022-05-16 09:40:31,108 [INFO] JKey.LOCAL_SENSOR
	CPU T=54.2°C
	int T=28.8°C, RH=26.6%
	ext T=20.2°C, RH=45.7%
2022-05-16 10:40:31,112 [INFO] JKey.LOCAL_SENSOR
	CPU T=55.8°C
	int T=30.4°C, RH=27.2%
	ext T=22.0°C, RH=41.7%
2022-05-16 11:40:31,114 [INFO] JKey.LOCAL_SENSOR
	CPU T=54.2°C
	int T=31.1°C, RH=29.0%
	ext T=22.7°C, RH=38.8%
2022-05-16 12:40:31,116 [INFO] JKey.LOCAL_SENSOR
	CPU T=53.7°C
	int T=29.7°C, RH=29.5%
	ext T=21.4°C, RH=42.3%
2022-05-16 13:40:33,648 [INFO] JKey.LOCAL_SENSOR
	CPU T=54.8°C
	int T=29.2°C, RH=30.0%
	ext T=22.0°C, RH=48.3%
2022-05-16 14:40:31,122 [INFO] JKey.LOCAL_SENSOR
	CPU T=66.6°C
	int T=30.8°C, RH=29.2%
	ext T=22.0°C, RH=48.3%
2022-05-16 15:40:31,124 [INFO] JKey.LOCAL_SENSOR
	CPU T=69.8°C
	int T=43.6°C, RH=23.5%
	ext T=32.4°C, RH=21.7%
2022-05-16 16:40:31,125 [INFO] JKey.LOCAL_SENSOR
	CPU T=65.5°C
	int T=46.6°C, RH=22.4%
	ext T=34.5°C, RH=18.6%
2022-05-16 17:40:31,125 [INFO] JKey.LOCAL_SENSOR
	CPU T=55.8°C
	int T=41.4°C, RH=23.5%
	ext T=29.5°C, RH=24.3%
2022-05-16 18:00:00,002 [INFO] JKey.SWITCH_RANDY, ('mow', False)
2022-05-16 18:40:31,129 [INFO] JKey.LOCAL_SENSOR
	CPU T=56.9°C
	int T=32.9°C, RH=28.3%
	ext T=22.0°C, RH=55.0%
2022-05-16 19:40:31,130 [INFO] JKey.LOCAL_SENSOR
	CPU T=54.8°C
	int T=32.2°C, RH=28.8%
	ext T=22.3°C, RH=46.7%
2022-05-16 20:40:31,133 [INFO] JKey.LOCAL_SENSOR
	CPU T=53.7°C
	int T=30.6°C, RH=29.0%
	ext T=21.1°C, RH=53.2%
2022-05-16 21:40:33,668 [INFO] JKey.LOCAL_SENSOR
	CPU T=52.1°C
	int T=29.7°C, RH=29.2%
	ext T=18.7°C, RH=55.2%
2022-05-16 22:40:31,141 [INFO] JKey.LOCAL_SENSOR
	CPU T=50.5°C
	int T=27.6°C, RH=30.7%
	ext T=18.7°C, RH=55.2%
2022-05-16 23:40:33,674 [INFO] JKey.LOCAL_SENSOR
	CPU T=49.9°C
	int T=26.1°C, RH=31.4%
	ext T=16.7°C, RH=64.8%
2022-05-17 00:00:00,001 [INFO] JKey.DAILY_INIT: JobQueue before loading control.txt:
	JobQueue, size=3
	1: 2022-05-17 00:00:04.835287, JKey.BUTTONS, None
	2: 2022-05-17 00:00:14.908719, JKey.PIUSV, None
	3: 2022-05-17 00:40:30.084323, JKey.LOCAL_SENSOR, None
2022-05-17 00:00:00,065 [WARNING] ControlFileReader.put_all_new_jobs(): No charging because randy.chargeOn = randy.chargeOff!
2022-05-17 00:00:00,094 [INFO] JKey.DAILY_INIT: JobQueue afterwards:
	JobQueue, size=7
	1: 2022-05-17 00:00:04.835287, JKey.BUTTONS, None
	2: 2022-05-17 00:00:14.908719, JKey.PIUSV, None
	3: 2022-05-17 00:40:30.084323, JKey.LOCAL_SENSOR, None
	4: 2022-05-17 07:30:00.000000, JKey.WEATHER_OWM, None
	5: 2022-05-17 09:00:00.000000, JKey.SWITCH_RANDY, ('mow', True)
	6: 2022-05-17 18:00:00.000000, JKey.SWITCH_RANDY, ('mow', False)
	7: 2022-05-18 00:00:00.000000, JKey.DAILY_INIT, None
2022-05-17 00:40:31,149 [INFO] JKey.LOCAL_SENSOR
	CPU T=49.4°C
	int T=25.5°C, RH=32.0%
	ext T=16.6°C, RH=64.6%
2022-05-17 01:40:33,680 [INFO] JKey.LOCAL_SENSOR
	CPU T=49.4°C
	int T=24.9°C, RH=32.7%
	ext T=16.5°C, RH=63.9%
2022-05-17 02:40:31,154 [INFO] JKey.LOCAL_SENSOR
	CPU T=49.4°C
	int T=24.8°C, RH=32.6%
	ext T=16.3°C, RH=63.7%
2022-05-17 03:40:31,160 [INFO] JKey.LOCAL_SENSOR
	CPU T=49.4°C
	int T=24.8°C, RH=32.6%
	ext T=16.2°C, RH=63.0%
2022-05-17 04:40:31,160 [INFO] JKey.LOCAL_SENSOR
	CPU T=49.4°C
	int T=25.0°C, RH=32.2%
	ext T=16.3°C, RH=62.3%
2022-05-17 05:40:33,691 [INFO] JKey.LOCAL_SENSOR
	CPU T=48.9°C
	int T=24.7°C, RH=32.4%
	ext T=15.8°C, RH=63.3%
2022-05-17 06:40:31,166 [INFO] JKey.LOCAL_SENSOR
	CPU T=48.3°C
	int T=24.3°C, RH=32.6%
	ext T=15.7°C, RH=63.2%
2022-05-17 07:30:00,010 [INFO] Starting new HTTP connection (1): api.openweathermap.org
2022-05-17 07:30:00,497 [INFO] JKey.WEATHER_OWM succeeded
WeatherForecast +0 days:
2022-05-17
	time = ['08:00:00', '11:00:00', '14:00:00', '17:00:00', '20:00:00', '23:00:00']
	T [°C] = [12.85, 15.210000000000001, 19.329999999999998, 22.309999999999999, 18.460000000000001, 14.449999999999999]
	rain [mm/h] = [0, 0, 0, 0, 0, 0]
	snow [mm/h] = [0, 0, 0, 0, 0, 0]
	pressure [hPa] = [1023, 1023, 1021, 1020, 1020, 1022]
	humidity [%] = [91, 80, 61, 47, 67, 80]
	clouds [%] = [0, 5, 23, 89, 85, 25]
	wind [m/s] = [2.1299999999999999, 2.2799999999999998, 2.8100000000000001, 2.8199999999999998, 0.93999999999999995, 1.3400000000000001]WeatherForecast +1 days:
2022-05-18
	time = ['02:00:00', '05:00:00', '08:00:00', '11:00:00', '14:00:00', '17:00:00', '20:00:00', '23:00:00']
	T [°C] = [12.98, 12.210000000000001, 15.91, 20.940000000000001, 23.140000000000001, 22.600000000000001, 18.5, 13.52]
	rain [mm/h] = [0, 0, 0, 0, 0, 0, 0, 0]
	snow [mm/h] = [0, 0, 0, 0, 0, 0, 0, 0]
	pressure [hPa] = [1022, 1023, 1024, 1023, 1022, 1022, 1022, 1023]
	humidity [%] = [84, 86, 72, 55, 49, 51, 71, 79]
	clouds [%] = [24, 81, 81, 46, 73, 95, 79, 9]
	wind [m/s] = [0.91000000000000003, 1.1000000000000001, 1.5900000000000001, 2.9300000000000002, 4.0800000000000001, 4.7699999999999996, 4.0599999999999996, 3.4199999999999999]WeatherForecast +2 days:
2022-05-19
	time = ['02:00:00', '05:00:00', '08:00:00', '11:00:00', '14:00:00', '17:00:00', '20:00:00', '23:00:00']
	T [°C] = [10.869999999999999, 10.529999999999999, 16.140000000000001, 23.18, 26.949999999999999, 26.949999999999999, 21.460000000000001, 16.280000000000001]
	rain [mm/h] = [0, 0, 0, 0, 0, 0, 0.55330000000000001, 0.86670000000000003]
	snow [mm/h] = [0, 0, 0, 0, 0, 0, 0, 0]
	pressure [hPa] = [1023, 1023, 1022, 1022, 1021, 1020, 1021, 1024]
	humidity [%] = [76, 85, 73, 54, 47, 49, 76, 94]
	clouds [%] = [15, 20, 43, 84, 70, 80, 84, 100]
	wind [m/s] = [2.3700000000000001, 1.1799999999999999, 1.29, 1.8899999999999999, 4.0300000000000002, 3.3700000000000001, 1.47, 3.2599999999999998]WeatherForecast +3 days:
2022-05-20
	time = ['02:00:00', '05:00:00', '08:00:00', '11:00:00', '14:00:00', '17:00:00', '20:00:00', '23:00:00']
	T [°C] = [15.81, 14.6, 17.850000000000001, 25.02, 28.559999999999999, 27.91, 23.100000000000001, 18.27]
	rain [mm/h] = [0.1333, 0, 0, 0, 0, 0, 0, 0.59670000000000001]
	snow [mm/h] = [0, 0, 0, 0, 0, 0, 0, 0]
	pressure [hPa] = [1024, 1023, 1023, 1022, 1019, 1017, 1017, 1018]
	humidity [%] = [92, 91, 79, 48, 38, 46, 73, 92]
	clouds [%] = [100, 96, 83, 99, 82, 39, 47, 72]
	wind [m/s] = [2.3700000000000001, 2.2599999999999998, 1.78, 1.21, 2.52, 4.4699999999999998, 1.3500000000000001, 2.54]
2022-05-17 07:40:31,166 [INFO] JKey.LOCAL_SENSOR
	CPU T=48.3°C
	int T=24.2°C, RH=32.6%
	ext T=15.5°C, RH=64.7%
2022-05-17 08:40:31,169 [INFO] JKey.LOCAL_SENSOR
	CPU T=49.4°C
	int T=24.5°C, RH=32.8%
	ext T=15.8°C, RH=65.4%
2022-05-17 09:00:00,002 [INFO] JKey.SWITCH_RANDY, ('mow', True)
2022-05-17 09:40:31,174 [INFO] JKey.LOCAL_SENSOR
	CPU T=52.6°C
	int T=25.4°C, RH=33.4%
	ext T=17.2°C, RH=64.9%
2022-05-17 10:40:31,173 [INFO] JKey.LOCAL_SENSOR
	CPU T=54.8°C
	int T=28.0°C, RH=34.1%
	ext T=19.5°C, RH=55.1%
2022-05-17 11:40:33,704 [INFO] JKey.LOCAL_SENSOR
	CPU T=56.4°C
	int T=32.2°C, RH=31.6%
	ext T=21.2°C, RH=47.4%
2022-05-17 12:40:33,708 [INFO] JKey.LOCAL_SENSOR
	CPU T=60.1°C
	int T=38.4°C, RH=27.2%
	ext T=23.8°C, RH=36.5%
2022-05-17 13:40:31,182 [INFO] JKey.LOCAL_SENSOR
	CPU T=62.8°C
	int T=38.3°C, RH=27.1%
	ext T=28.3°C, RH=28.5%
2022-05-17 14:40:31,184 [INFO] JKey.LOCAL_SENSOR
	CPU T=67.1°C
	int T=40.7°C, RH=25.4%
	ext T=29.1°C, RH=27.1%
2022-05-17 15:40:31,185 [INFO] JKey.LOCAL_SENSOR
	CPU T=70.4°C
	int T=44.8°C, RH=23.0%
	ext T=32.0°C, RH=20.7%
2022-05-17 16:40:31,189 [INFO] JKey.LOCAL_SENSOR
	CPU T=69.8°C
	int T=47.0°C, RH=21.4%
	ext T=33.3°C, RH=20.2%
2022-05-17 17:40:31,189 [INFO] JKey.LOCAL_SENSOR
	CPU T=68.8°C
	int T=45.6°C, RH=21.8%
	ext T=32.1°C, RH=19.0%
2022-05-17 18:00:00,004 [INFO] JKey.SWITCH_RANDY, ('mow', False)
2022-05-17 18:40:33,730 [INFO] JKey.LOCAL_SENSOR
	CPU T=61.2°C
	int T=45.0°C, RH=22.1%
	ext T=26.8°C, RH=25.2%
2022-05-17 19:40:31,206 [INFO] JKey.LOCAL_SENSOR
	CPU T=58.0°C
	int T=37.5°C, RH=24.5%
	ext T=26.8°C, RH=25.2%
2022-05-17 20:40:31,210 [INFO] JKey.LOCAL_SENSOR
	CPU T=54.8°C
	int T=34.2°C, RH=25.5%
	ext T=24.6°C, RH=29.0%
2022-05-17 21:21:33,330 [INFO] Keyboard interrupt
2022-05-17 21:21:33,370 [INFO] ++++++++++ shutting down ++++++++++
