2022-05-09 21:40:19,432 [INFO] ++++++++++ starting up ++++++++++
2022-05-09 21:40:19,647 [INFO] JKey.DAILY_INIT: JobQueue before loading control.txt:
	JobQueue, size=3
	1: 2022-05-09 21:40:19.696290, JKey.BUTTONS, None
	2: 2022-05-09 21:40:29.646374, JKey.LOCAL_SENSOR, None
	3: 2022-05-09 21:40:39.646439, JKey.PIUSV, None
2022-05-09 21:40:19,672 [WARNING] ControlFileReader.put_all_new_jobs(): No charging because randy.chargeOn = randy.chargeOff!
2022-05-09 21:40:19,687 [INFO] JKey.DAILY_INIT: JobQueue afterwards:
	JobQueue, size=4
	1: 2022-05-09 21:40:19.696290, JKey.BUTTONS, None
	2: 2022-05-09 21:40:29.646374, JKey.LOCAL_SENSOR, None
	3: 2022-05-09 21:40:39.646439, JKey.PIUSV, None
	4: 2022-05-10 00:00:00.000000, JKey.DAILY_INIT, None
2022-05-09 21:40:33,257 [INFO] JKey.LOCAL_SENSOR
	CPU T=53.2°C
	int T=28.8°C, RH=32.3%
	ext T=18.7°C, RH=43.1%
2022-05-09 22:40:30,727 [INFO] JKey.LOCAL_SENSOR
	CPU T=49.9°C
	int T=28.6°C, RH=32.3%
	ext T=18.7°C, RH=43.1%
2022-05-09 23:40:30,732 [INFO] JKey.LOCAL_SENSOR
	CPU T=48.3°C
	int T=26.8°C, RH=32.7%
	ext T=17.1°C, RH=48.9%
2022-05-10 00:00:00,004 [INFO] JKey.DAILY_INIT: JobQueue before loading control.txt:
	JobQueue, size=3
	1: 2022-05-10 00:00:00.970263, JKey.PIUSV, None
	2: 2022-05-10 00:00:01.700876, JKey.BUTTONS, None
	3: 2022-05-10 00:40:29.660436, JKey.LOCAL_SENSOR, None
2022-05-10 00:00:00,038 [WARNING] ControlFileReader.put_all_new_jobs(): No charging because randy.chargeOn = randy.chargeOff!
2022-05-10 00:00:00,072 [INFO] JKey.DAILY_INIT: JobQueue afterwards:
	JobQueue, size=7
	1: 2022-05-10 00:00:00.970263, JKey.PIUSV, None
	2: 2022-05-10 00:00:01.700876, JKey.BUTTONS, None
	3: 2022-05-10 00:40:29.660436, JKey.LOCAL_SENSOR, None
	4: 2022-05-10 07:30:00.000000, JKey.WEATHER_OWM, None
	5: 2022-05-10 09:00:00.000000, JKey.SWITCH_RANDY, ('mow', True)
	6: 2022-05-10 18:00:00.000000, JKey.SWITCH_RANDY, ('mow', False)
	7: 2022-05-11 00:00:00.000000, JKey.DAILY_INIT, None
2022-05-10 00:40:30,732 [INFO] JKey.LOCAL_SENSOR
	CPU T=47.8°C
	int T=25.6°C, RH=32.9%
	ext T=15.9°C, RH=51.6%
2022-05-10 01:02:41,572 [ERROR] Exception in usv.read_status(). [Errno 5] Input/output error
2022-05-10 01:40:30,736 [INFO] JKey.LOCAL_SENSOR
	CPU T=46.7°C
	int T=24.6°C, RH=32.9%
	ext T=15.0°C, RH=53.5%
2022-05-10 02:40:33,272 [INFO] JKey.LOCAL_SENSOR
	CPU T=46.2°C
	int T=23.1°C, RH=32.8%
	ext T=14.2°C, RH=54.8%
2022-05-10 03:40:30,744 [INFO] JKey.LOCAL_SENSOR
	CPU T=45.1°C
	int T=23.0°C, RH=32.7%
	ext T=13.5°C, RH=55.2%
2022-05-10 04:40:33,277 [INFO] JKey.LOCAL_SENSOR
	CPU T=45.1°C
	int T=21.7°C, RH=32.6%
	ext T=12.9°C, RH=56.4%
2022-05-10 05:40:30,755 [INFO] JKey.LOCAL_SENSOR
	CPU T=45.1°C
	int T=21.6°C, RH=32.6%
	ext T=12.2°C, RH=57.5%
2022-05-10 06:40:33,287 [INFO] JKey.LOCAL_SENSOR
	CPU T=44.0°C
	int T=21.3°C, RH=32.8%
	ext T=11.8°C, RH=57.1%
2022-05-10 07:30:00,047 [INFO] Starting new HTTP connection (1): api.openweathermap.org
2022-05-10 07:30:04,186 [INFO] JKey.WEATHER_OWM succeeded
WeatherForecast +0 days:
2022-05-10
	time = ['08:00:00', '11:00:00', '14:00:00', '17:00:00', '20:00:00', '23:00:00']
	T [°C] = [9.8699999999999992, 12.890000000000001, 17.800000000000001, 21.609999999999999, 17.010000000000002, 13.789999999999999]
	rain [mm/h] = [0, 0, 0, 0, 0, 0]
	snow [mm/h] = [0, 0, 0, 0, 0, 0]
	pressure [hPa] = [1023, 1023, 1021, 1019, 1019, 1020]
	humidity [%] = [92, 79, 58, 42, 66, 78]
	clouds [%] = [0, 3, 17, 100, 98, 68]
	wind [m/s] = [1.45, 1.6899999999999999, 2.0299999999999998, 2.0299999999999998, 1.0700000000000001, 2.23]WeatherForecast +1 days:
2022-05-11
	time = ['02:00:00', '05:00:00', '08:00:00', '11:00:00', '14:00:00', '17:00:00', '20:00:00', '23:00:00']
	T [°C] = [12.449999999999999, 11.460000000000001, 15.109999999999999, 21.460000000000001, 24.039999999999999, 23.829999999999998, 19.100000000000001, 15.68]
	rain [mm/h] = [0, 0, 0, 0, 0, 0, 0, 0]
	snow [mm/h] = [0, 0, 0, 0, 0, 0, 0, 0]
	pressure [hPa] = [1020, 1019, 1020, 1018, 1017, 1016, 1016, 1018]
	humidity [%] = [83, 83, 68, 52, 40, 43, 67, 74]
	clouds [%] = [57, 74, 70, 50, 38, 18, 19, 13]
	wind [m/s] = [2.3599999999999999, 2.4300000000000002, 2.4300000000000002, 2.9700000000000002, 3.3500000000000001, 3.1200000000000001, 1.47, 2.5299999999999998]WeatherForecast +2 days:
2022-05-12
	time = ['02:00:00', '05:00:00', '08:00:00', '11:00:00', '14:00:00', '17:00:00', '20:00:00', '23:00:00']
	T [°C] = [14.369999999999999, 13.59, 17.43, 23.399999999999999, 24.059999999999999, 23.550000000000001, 18.23, 15.119999999999999]
	rain [mm/h] = [0, 0, 0, 0, 0, 0, 0.13, 0.35999999999999999]
	snow [mm/h] = [0, 0, 0, 0, 0, 0, 0, 0]
	pressure [hPa] = [1018, 1017, 1017, 1018, 1017, 1017, 1019, 1021]
	humidity [%] = [78, 77, 65, 44, 47, 51, 78, 89]
	clouds [%] = [12, 18, 42, 47, 28, 61, 46, 95]
	wind [m/s] = [2.52, 2.7200000000000002, 2.8900000000000001, 6.0999999999999996, 6.3200000000000003, 4.9900000000000002, 2.73, 1.8]WeatherForecast +3 days:
2022-05-13
	time = ['02:00:00', '05:00:00', '08:00:00', '11:00:00', '14:00:00', '17:00:00', '20:00:00', '23:00:00']
	T [°C] = [13.300000000000001, 12.619999999999999, 13.970000000000001, 18.920000000000002, 20.16, 20.379999999999999, 16.829999999999998, 13.869999999999999]
	rain [mm/h] = [0.25330000000000003, 0.44, 0.12330000000000001, 0.1033, 0.40999999999999998, 0.29330000000000001, 0.38329999999999997, 0.059999999999999998]
	snow [mm/h] = [0, 0, 0, 0, 0, 0, 0, 0]
	pressure [hPa] = [1022, 1022, 1022, 1021, 1019, 1019, 1019, 1020]
	humidity [%] = [93, 94, 90, 70, 66, 65, 86, 92]
	clouds [%] = [97, 100, 100, 96, 90, 92, 77, 10]
	wind [m/s] = [1.74, 1.51, 0.45000000000000001, 1.29, 1.97, 1.01, 1.8200000000000001, 1.4399999999999999]
2022-05-10 07:40:33,291 [INFO] JKey.LOCAL_SENSOR
	CPU T=45.1°C
	int T=21.2°C, RH=32.7%
	ext T=13.3°C, RH=61.8%
2022-05-10 08:40:33,299 [INFO] JKey.LOCAL_SENSOR
	CPU T=46.2°C
	int T=23.5°C, RH=33.7%
	ext T=13.3°C, RH=61.8%
2022-05-10 09:40:30,771 [INFO] JKey.LOCAL_SENSOR
	CPU T=49.4°C
	int T=23.5°C, RH=33.7%
	ext T=15.1°C, RH=57.7%
2022-05-10 10:40:30,771 [INFO] JKey.LOCAL_SENSOR
	CPU T=52.6°C
	int T=26.2°C, RH=33.9%
	ext T=18.9°C, RH=47.4%
2022-05-10 11:40:33,303 [INFO] JKey.LOCAL_SENSOR
	CPU T=55.8°C
	int T=33.2°C, RH=31.8%
	ext T=23.3°C, RH=38.2%
2022-05-10 12:40:30,775 [INFO] JKey.LOCAL_SENSOR
	CPU T=62.3°C
	int T=33.1°C, RH=31.8%
	ext T=26.6°C, RH=27.9%
2022-05-10 13:40:33,306 [INFO] JKey.LOCAL_SENSOR
	CPU T=67.7°C
	int T=46.8°C, RH=24.5%
	ext T=31.8°C, RH=22.6%
2022-05-10 14:40:30,778 [INFO] JKey.LOCAL_SENSOR
	CPU T=71.4°C
	int T=46.6°C, RH=24.4%
	ext T=35.8°C, RH=15.3%
2022-05-10 15:40:33,311 [INFO] JKey.LOCAL_SENSOR
	CPU T=70.9°C
	int T=49.4°C, RH=23.1%
	ext T=35.6°C, RH=11.6%
2022-05-10 16:40:30,782 [INFO] JKey.LOCAL_SENSOR
	CPU T=67.7°C
	int T=48.1°C, RH=21.8%
	ext T=35.4°C, RH=10.9%
2022-05-10 17:40:33,311 [INFO] JKey.LOCAL_SENSOR
	CPU T=66.6°C
	int T=45.8°C, RH=21.5%
	ext T=31.1°C, RH=14.6%
2022-05-10 18:00:00,004 [INFO] JKey.SWITCH_RANDY, ('mow', False)
2022-05-10 18:40:30,786 [INFO] JKey.LOCAL_SENSOR
	CPU T=61.2°C
	int T=44.3°C, RH=21.8%
	ext T=31.0°C, RH=14.8%
2022-05-10 19:40:35,845 [INFO] JKey.LOCAL_SENSOR
	CPU T=56.9°C
	int T=34.2°C, RH=25.3%
	ext T=24.9°C, RH=25.5%
2022-05-10 20:40:30,795 [INFO] JKey.LOCAL_SENSOR
	CPU T=55.8°C
	int T=34.1°C, RH=25.2%
	ext T=24.8°C, RH=25.3%
2022-05-10 21:40:30,793 [INFO] JKey.LOCAL_SENSOR
	CPU T=53.7°C
	int T=31.9°C, RH=26.5%
	ext T=22.5°C, RH=31.5%
2022-05-10 22:40:35,852 [INFO] JKey.LOCAL_SENSOR
	CPU T=52.6°C
	int T=29.1°C, RH=27.3%
	ext T=21.0°C, RH=35.4%
2022-05-10 23:40:33,326 [INFO] JKey.LOCAL_SENSOR
	CPU T=51.5°C
	int T=29.1°C, RH=27.2%
	ext T=19.1°C, RH=39.2%
2022-05-11 00:00:00,003 [INFO] JKey.DAILY_INIT: JobQueue before loading control.txt:
	JobQueue, size=3
	1: 2022-05-11 00:00:00.128765, JKey.BUTTONS, None
	2: 2022-05-11 00:00:18.382907, JKey.PIUSV, None
	3: 2022-05-11 00:40:29.727019, JKey.LOCAL_SENSOR, None
2022-05-11 00:00:00,038 [WARNING] ControlFileReader.put_all_new_jobs(): No charging because randy.chargeOn = randy.chargeOff!
2022-05-11 00:00:00,067 [INFO] JKey.DAILY_INIT: JobQueue afterwards:
	JobQueue, size=7
	1: 2022-05-11 00:00:00.128765, JKey.BUTTONS, None
	2: 2022-05-11 00:00:18.382907, JKey.PIUSV, None
	3: 2022-05-11 00:40:29.727019, JKey.LOCAL_SENSOR, None
	4: 2022-05-11 07:30:00.000000, JKey.WEATHER_OWM, None
	5: 2022-05-11 09:00:00.000000, JKey.SWITCH_RANDY, ('mow', True)
	6: 2022-05-11 18:00:00.000000, JKey.SWITCH_RANDY, ('mow', False)
	7: 2022-05-12 00:00:00.000000, JKey.DAILY_INIT, None
2022-05-11 00:40:33,329 [INFO] JKey.LOCAL_SENSOR
	CPU T=51.5°C
	int T=28.0°C, RH=27.8%
	ext T=19.0°C, RH=39.2%
2022-05-11 01:40:33,333 [INFO] JKey.LOCAL_SENSOR
	CPU T=50.5°C
	int T=27.9°C, RH=27.8%
	ext T=18.3°C, RH=39.3%
2022-05-11 02:40:30,808 [INFO] JKey.LOCAL_SENSOR
	CPU T=49.9°C
	int T=27.1°C, RH=28.3%
	ext T=18.3°C, RH=39.3%
2022-05-11 03:40:30,813 [INFO] JKey.LOCAL_SENSOR
	CPU T=48.9°C
	int T=26.2°C, RH=28.5%
	ext T=17.6°C, RH=40.9%
2022-05-11 04:40:30,816 [INFO] JKey.LOCAL_SENSOR
	CPU T=48.3°C
	int T=25.5°C, RH=28.7%
	ext T=16.8°C, RH=43.3%
2022-05-11 05:40:30,818 [INFO] JKey.LOCAL_SENSOR
	CPU T=48.3°C
	int T=25.0°C, RH=29.1%
	ext T=16.4°C, RH=44.3%
2022-05-11 06:40:30,822 [INFO] JKey.LOCAL_SENSOR
	CPU T=48.3°C
	int T=24.8°C, RH=29.1%
	ext T=16.2°C, RH=45.0%
2022-05-11 07:30:00,012 [INFO] Starting new HTTP connection (1): api.openweathermap.org
2022-05-11 07:30:00,627 [INFO] JKey.WEATHER_OWM succeeded
WeatherForecast +0 days:
2022-05-11
	time = ['08:00:00', '11:00:00', '14:00:00', '17:00:00', '20:00:00', '23:00:00']
	T [°C] = [13.859999999999999, 16.609999999999999, 21.100000000000001, 24.010000000000002, 19.699999999999999, 16.260000000000002]
	rain [mm/h] = [0, 0, 0, 0, 0, 0]
	snow [mm/h] = [0, 0, 0, 0, 0, 0]
	pressure [hPa] = [1019, 1018, 1017, 1015, 1015, 1017]
	humidity [%] = [80, 69, 52, 44, 66, 75]
	clouds [%] = [0, 24, 47, 74, 45, 7]
	wind [m/s] = [2.54, 3.1299999999999999, 3.7400000000000002, 3.9300000000000002, 2.0699999999999998, 2.8799999999999999]WeatherForecast +1 days:
2022-05-12
	time = ['02:00:00', '05:00:00', '08:00:00', '11:00:00', '14:00:00', '17:00:00', '20:00:00', '23:00:00']
	T [°C] = [15.039999999999999, 14.34, 16.32, 20.43, 21.010000000000002, 21.870000000000001, 17.809999999999999, 14.77]
	rain [mm/h] = [0, 0, 0, 0, 0.059999999999999998, 0.043299999999999998, 0.050000000000000003, 0.34999999999999998]
	snow [mm/h] = [0, 0, 0, 0, 0, 0, 0, 0]
	pressure [hPa] = [1017, 1018, 1020, 1020, 1020, 1018, 1019, 1020]
	humidity [%] = [75, 68, 70, 61, 62, 59, 80, 94]
	clouds [%] = [15, 21, 60, 53, 65, 44, 31, 81]
	wind [m/s] = [3.1800000000000002, 4.1600000000000001, 4.4000000000000004, 4.3899999999999997, 4.4299999999999997, 3.71, 1.52, 0.95999999999999996]WeatherForecast +2 days:
2022-05-13
	time = ['02:00:00', '05:00:00', '08:00:00', '11:00:00', '14:00:00', '17:00:00', '20:00:00', '23:00:00']
	T [°C] = [14.300000000000001, 14.050000000000001, 14.98, 17.010000000000002, 18.18, 17.91, 16.57, 13.109999999999999]
	rain [mm/h] = [1.3232999999999999, 1.4299999999999999, 0, 0.1633, 0.41999999999999998, 0.23330000000000001, 0.10000000000000001, 0]
	snow [mm/h] = [0, 0, 0, 0, 0, 0, 0, 0]
	pressure [hPa] = [1020, 1021, 1021, 1021, 1020, 1020, 1020, 1021]
	humidity [%] = [98, 98, 92, 84, 79, 82, 83, 91]
	clouds [%] = [90, 100, 100, 99, 93, 100, 100, 93]
	wind [m/s] = [1.5700000000000001, 1.8300000000000001, 1.51, 1.95, 2.2400000000000002, 1.01, 0.64000000000000001, 1.1499999999999999]WeatherForecast +3 days:
2022-05-14
	time = ['02:00:00', '05:00:00', '08:00:00', '11:00:00', '14:00:00', '17:00:00', '20:00:00', '23:00:00']
	T [°C] = [12.15, 12.16, 11.890000000000001, 15.44, 20.600000000000001, 20.870000000000001, 16.57, 13.050000000000001]
	rain [mm/h] = [0, 0, 0.32669999999999999, 0.26000000000000001, 0, 0, 0, 0]
	snow [mm/h] = [0, 0, 0, 0, 0, 0, 0, 0]
	pressure [hPa] = [1021, 1021, 1022, 1022, 1020, 1019, 1020, 1021]
	humidity [%] = [87, 86, 92, 75, 51, 47, 69, 74]
	clouds [%] = [89, 100, 100, 100, 89, 15, 14, 44]
	wind [m/s] = [0.56000000000000005, 0.98999999999999999, 1.6299999999999999, 1.2, 1.0700000000000001, 2.5099999999999998, 1.6799999999999999, 0.63]
2022-05-11 07:40:30,824 [INFO] JKey.LOCAL_SENSOR
	CPU T=48.3°C
	int T=24.6°C, RH=29.2%
	ext T=16.1°C, RH=45.0%
2022-05-11 08:40:30,828 [INFO] JKey.LOCAL_SENSOR
	CPU T=50.5°C
	int T=25.6°C, RH=29.2%
	ext T=17.3°C, RH=42.6%
2022-05-11 09:00:00,004 [INFO] JKey.SWITCH_RANDY, ('mow', True)
2022-05-11 09:40:30,830 [INFO] JKey.LOCAL_SENSOR
	CPU T=53.7°C
	int T=27.2°C, RH=29.0%
	ext T=19.3°C, RH=40.6%
2022-05-11 10:40:35,886 [INFO] JKey.LOCAL_SENSOR
	CPU T=56.4°C
	int T=32.6°C, RH=29.0%
	ext T=22.5°C, RH=37.5%
2022-05-11 11:40:30,833 [INFO] JKey.LOCAL_SENSOR
	CPU T=58.0°C
	int T=32.6°C, RH=29.0%
	ext T=25.4°C, RH=30.8%
2022-05-11 12:40:30,835 [INFO] JKey.LOCAL_SENSOR
	CPU T=63.4°C
	int T=34.8°C, RH=28.2%
	ext T=27.9°C, RH=25.8%
2022-05-11 13:40:33,370 [INFO] JKey.LOCAL_SENSOR
	CPU T=68.8°C
	int T=41.8°C, RH=23.2%
	ext T=35.6°C, RH=12.2%
2022-05-11 14:40:30,844 [INFO] JKey.LOCAL_SENSOR
	CPU T=70.9°C
	int T=47.1°C, RH=20.4%
	ext T=35.5°C, RH=12.3%
2022-05-11 15:40:30,847 [INFO] JKey.LOCAL_SENSOR
	CPU T=74.7°C
	int T=48.8°C, RH=19.9%
	ext T=38.0°C, RH= 9.0%
2022-05-11 16:40:30,849 [INFO] JKey.LOCAL_SENSOR
	CPU T=73.1°C
	int T=51.1°C, RH=18.9%
	ext T=38.6°C, RH= 8.1%
2022-05-11 17:40:33,377 [INFO] JKey.LOCAL_SENSOR
	CPU T=70.4°C
	int T=46.3°C, RH=18.8%
	ext T=36.3°C, RH= 9.2%
2022-05-11 18:00:00,001 [INFO] JKey.SWITCH_RANDY, ('mow', False)
2022-05-11 18:40:30,853 [INFO] JKey.LOCAL_SENSOR
	CPU T=63.4°C
	int T=46.2°C, RH=18.8%
	ext T=33.8°C, RH= 8.3%
2022-05-11 19:40:30,853 [INFO] JKey.LOCAL_SENSOR
	CPU T=60.1°C
	int T=39.9°C, RH=19.8%
	ext T=30.5°C, RH= 9.7%
